
/home/sun/Documents/SwiftletLaboratories-animated-octo-waddle/SD/target/4.0.0/bsom/SD.elf:     file format elf32-littlearm

Sections:
Idx Name          Size      VMA       LMA       File off  Algn
  0 .module_info  00000018  000b4000  000b4000  00004000  2**0
                  CONTENTS, ALLOC, LOAD, READONLY, DATA
  1 .dynalib      00000004  000b4018  000b4018  00004018  2**2
                  CONTENTS, ALLOC, LOAD, READONLY, DATA
  2 .text         00000e54  000b401c  000b401c  0000401c  2**2
                  CONTENTS, ALLOC, LOAD, READONLY, CODE
  3 .note.gnu.build-id 00000024  000b4e70  000b4e70  00004e70  2**2
                  CONTENTS, ALLOC, LOAD, READONLY, DATA
  4 .backup       00000004  2003f400  000b4e94  0000f400  2**2
                  CONTENTS, ALLOC, LOAD, DATA
  5 .data         0000006c  2003e648  000b4e98  0001e648  2**2
                  CONTENTS, ALLOC, LOAD, DATA
  6 .bss          0000013c  2003e6b4  2003e6b4  0002e6b4  2**2
                  ALLOC
  7 .module_info_suffix 00000028  000b4f04  000b4f04  00024f04  2**0
                  CONTENTS, ALLOC, LOAD, READONLY, DATA
  8 .module_info_crc 00000004  000b4f2c  000b4f2c  00024f2c  2**0
                  CONTENTS, ALLOC, LOAD, READONLY, DATA
  9 .debug_info   000d94d7  00000000  00000000  00024f30  2**0
                  CONTENTS, READONLY, DEBUGGING, OCTETS
 10 .debug_abbrev 0000d1ed  00000000  00000000  000fe407  2**0
                  CONTENTS, READONLY, DEBUGGING, OCTETS
 11 .debug_aranges 00002040  00000000  00000000  0010b5f4  2**0
                  CONTENTS, READONLY, DEBUGGING, OCTETS
 12 .debug_macro  00032169  00000000  00000000  0010d634  2**0
                  CONTENTS, READONLY, DEBUGGING, OCTETS
 13 .debug_line   0002d517  00000000  00000000  0013f79d  2**0
                  CONTENTS, READONLY, DEBUGGING, OCTETS
 14 .debug_str    00132e7b  00000000  00000000  0016ccb4  2**0
                  CONTENTS, READONLY, DEBUGGING, OCTETS
 15 .debug_loc    0002e943  00000000  00000000  0029fb2f  2**0
                  CONTENTS, READONLY, DEBUGGING, OCTETS
 16 .debug_ranges 00008968  00000000  00000000  002ce472  2**0
                  CONTENTS, READONLY, DEBUGGING, OCTETS
 17 .debug_frame  00005b18  00000000  00000000  002d6ddc  2**2
                  CONTENTS, READONLY, DEBUGGING, OCTETS

Disassembly of section .text:

000b401c <module_user_pre_init>:
/**
 * Initializes this user module. Returns the start of the heap.
 */
void* module_user_pre_init() {

    if ( (&link_global_data_start!=&link_global_data_initial_values) && (link_global_data_size != 0))
   b401c:	4809      	ldr	r0, [pc, #36]	; (b4044 <module_user_pre_init+0x28>)
   b401e:	490a      	ldr	r1, [pc, #40]	; (b4048 <module_user_pre_init+0x2c>)
   b4020:	4288      	cmp	r0, r1
void* module_user_pre_init() {
   b4022:	b508      	push	{r3, lr}
    if ( (&link_global_data_start!=&link_global_data_initial_values) && (link_global_data_size != 0))
   b4024:	d005      	beq.n	b4032 <module_user_pre_init+0x16>
   b4026:	4a09      	ldr	r2, [pc, #36]	; (b404c <module_user_pre_init+0x30>)
   b4028:	4282      	cmp	r2, r0
   b402a:	d002      	beq.n	b4032 <module_user_pre_init+0x16>
    {
        memcpy(&link_global_data_start, &link_global_data_initial_values, link_global_data_size);
   b402c:	1a12      	subs	r2, r2, r0
   b402e:	f000 fd61 	bl	b4af4 <memcpy>
    }

    memset(&link_bss_location, 0, link_bss_size );
   b4032:	4807      	ldr	r0, [pc, #28]	; (b4050 <module_user_pre_init+0x34>)
   b4034:	4a07      	ldr	r2, [pc, #28]	; (b4054 <module_user_pre_init+0x38>)
   b4036:	2100      	movs	r1, #0
   b4038:	1a12      	subs	r2, r2, r0
   b403a:	f000 fd69 	bl	b4b10 <memset>
    return &link_global_data_start;
}
   b403e:	4801      	ldr	r0, [pc, #4]	; (b4044 <module_user_pre_init+0x28>)
   b4040:	bd08      	pop	{r3, pc}
   b4042:	bf00      	nop
   b4044:	2003e648 	.word	0x2003e648
   b4048:	000b4e98 	.word	0x000b4e98
   b404c:	2003e6b4 	.word	0x2003e6b4
   b4050:	2003e6b4 	.word	0x2003e6b4
   b4054:	2003e7ed 	.word	0x2003e7ed

000b4058 <module_user_init>:
extern constructor_ptr_t link_constructors_location[];
extern constructor_ptr_t link_constructors_end;
#define link_constructors_size   ((unsigned long)&link_constructors_end  -  (unsigned long)&link_constructors_location )

void module_user_init()
{
   b4058:	b570      	push	{r4, r5, r6, lr}
    module_user_init_hook();

    // invoke constructors
    for (size_t ctor_num=0; ctor_num < link_constructors_size/sizeof(constructor_ptr_t); ctor_num++ )
   b405a:	4e07      	ldr	r6, [pc, #28]	; (b4078 <module_user_init+0x20>)
   b405c:	4c07      	ldr	r4, [pc, #28]	; (b407c <module_user_init+0x24>)
    module_user_init_hook();
   b405e:	f000 fc27 	bl	b48b0 <module_user_init_hook>
    for (size_t ctor_num=0; ctor_num < link_constructors_size/sizeof(constructor_ptr_t); ctor_num++ )
   b4062:	1ba4      	subs	r4, r4, r6
   b4064:	08a4      	lsrs	r4, r4, #2
   b4066:	2500      	movs	r5, #0
   b4068:	42ac      	cmp	r4, r5
   b406a:	d100      	bne.n	b406e <module_user_init+0x16>
    {
        link_constructors_location[ctor_num]();
    }
}
   b406c:	bd70      	pop	{r4, r5, r6, pc}
        link_constructors_location[ctor_num]();
   b406e:	f856 3b04 	ldr.w	r3, [r6], #4
   b4072:	4798      	blx	r3
    for (size_t ctor_num=0; ctor_num < link_constructors_size/sizeof(constructor_ptr_t); ctor_num++ )
   b4074:	3501      	adds	r5, #1
   b4076:	e7f7      	b.n	b4068 <module_user_init+0x10>
   b4078:	000b4e4c 	.word	0x000b4e4c
   b407c:	000b4e6c 	.word	0x000b4e6c

000b4080 <module_user_setup>:

/**
 * Export these functions with a fuller name so they don't clash with the setup/loop wrappers in the system module.
 */
void module_user_setup() {
    setup();
   b4080:	f000 b813 	b.w	b40aa <setup>

000b4084 <module_user_loop>:
}

void module_user_loop() {
   b4084:	b508      	push	{r3, lr}
    loop();
   b4086:	f000 f811 	bl	b40ac <loop>
    _post_loop();
}
   b408a:	e8bd 4008 	ldmia.w	sp!, {r3, lr}
    _post_loop();
   b408e:	f000 bbc7 	b.w	b4820 <_post_loop>

000b4092 <_Znaj>:
   b4092:	f000 b93b 	b.w	b430c <malloc>

000b4096 <_ZdlPvj>:
	free(p);
}

void operator delete(void *p, size_t size)
{
	free(p);
   b4096:	f000 b941 	b.w	b431c <free>

000b409a <__cxa_guard_acquire>:

/* Provide default implemenation for __cxa_guard_acquire() and
 * __cxa_guard_release(). Note: these must be revisited if a multitasking
 * OS is ported to this platform. */
__extension__ typedef int __guard __attribute__((mode (__DI__)));
int __cxa_guard_acquire(__guard *g) {return !*(char *)(g);};
   b409a:	7800      	ldrb	r0, [r0, #0]
   b409c:	fab0 f080 	clz	r0, r0
   b40a0:	0940      	lsrs	r0, r0, #5
   b40a2:	4770      	bx	lr

000b40a4 <__cxa_guard_release>:
void __cxa_guard_release (__guard *g) {*(char *)g = 1;};
   b40a4:	2301      	movs	r3, #1
   b40a6:	7003      	strb	r3, [r0, #0]
   b40a8:	4770      	bx	lr

000b40aa <setup>:

// setup() runs once, when the device is first turned on.
void setup() {
  // Put initialization like pinMode and begin functions here.

}
   b40aa:	4770      	bx	lr

000b40ac <loop>:
   b40ac:	4770      	bx	lr

000b40ae <_ZN5Print5writeEPKc>:

    int getWriteError() { return write_error; }
    void clearWriteError() { setWriteError(0); }

    virtual size_t write(uint8_t) = 0;
    size_t write(const char *str) {
   b40ae:	b513      	push	{r0, r1, r4, lr}
   b40b0:	4604      	mov	r4, r0
      if (str == NULL) return 0;
      return write((const uint8_t *)str, strlen(str));
    }
   b40b2:	4608      	mov	r0, r1
      if (str == NULL) return 0;
   b40b4:	b159      	cbz	r1, b40ce <_ZN5Print5writeEPKc+0x20>
      return write((const uint8_t *)str, strlen(str));
   b40b6:	9101      	str	r1, [sp, #4]
   b40b8:	f000 fd60 	bl	b4b7c <strlen>
   b40bc:	6823      	ldr	r3, [r4, #0]
   b40be:	9901      	ldr	r1, [sp, #4]
   b40c0:	68db      	ldr	r3, [r3, #12]
   b40c2:	4602      	mov	r2, r0
   b40c4:	4620      	mov	r0, r4
    }
   b40c6:	b002      	add	sp, #8
   b40c8:	e8bd 4010 	ldmia.w	sp!, {r4, lr}
      return write((const uint8_t *)str, strlen(str));
   b40cc:	4718      	bx	r3
    }
   b40ce:	b002      	add	sp, #8
   b40d0:	bd10      	pop	{r4, pc}
	...

000b40d4 <HAL_USB_USART_Init>:
// GNINRAW

DYNALIB_BEGIN(hal_usb)

#ifdef USB_CDC_ENABLE
DYNALIB_FN(0, hal_usb, HAL_USB_USART_Init, void(HAL_USB_USART_Serial, const HAL_USB_USART_Config*))
   b40d4:	b508      	push	{r3, lr}
   b40d6:	4b02      	ldr	r3, [pc, #8]	; (b40e0 <HAL_USB_USART_Init+0xc>)
   b40d8:	681b      	ldr	r3, [r3, #0]
   b40da:	681b      	ldr	r3, [r3, #0]
   b40dc:	9301      	str	r3, [sp, #4]
   b40de:	bd08      	pop	{r3, pc}
   b40e0:	0003024c 	.word	0x0003024c

000b40e4 <HAL_USB_USART_Available_Data>:
DYNALIB_FN(1, hal_usb, HAL_USB_USART_Begin, void(HAL_USB_USART_Serial, uint32_t, void *))
DYNALIB_FN(2, hal_usb, HAL_USB_USART_End, void(HAL_USB_USART_Serial))
DYNALIB_FN(3, hal_usb, HAL_USB_USART_Baud_Rate, unsigned int(HAL_USB_USART_Serial))
DYNALIB_FN(4, hal_usb, HAL_USB_USART_Available_Data, int32_t(HAL_USB_USART_Serial))
   b40e4:	b508      	push	{r3, lr}
   b40e6:	4b02      	ldr	r3, [pc, #8]	; (b40f0 <HAL_USB_USART_Available_Data+0xc>)
   b40e8:	681b      	ldr	r3, [r3, #0]
   b40ea:	691b      	ldr	r3, [r3, #16]
   b40ec:	9301      	str	r3, [sp, #4]
   b40ee:	bd08      	pop	{r3, pc}
   b40f0:	0003024c 	.word	0x0003024c

000b40f4 <HAL_USB_USART_Available_Data_For_Write>:
DYNALIB_FN(5, hal_usb, HAL_USB_USART_Available_Data_For_Write, int32_t(HAL_USB_USART_Serial))
   b40f4:	b508      	push	{r3, lr}
   b40f6:	4b02      	ldr	r3, [pc, #8]	; (b4100 <HAL_USB_USART_Available_Data_For_Write+0xc>)
   b40f8:	681b      	ldr	r3, [r3, #0]
   b40fa:	695b      	ldr	r3, [r3, #20]
   b40fc:	9301      	str	r3, [sp, #4]
   b40fe:	bd08      	pop	{r3, pc}
   b4100:	0003024c 	.word	0x0003024c

000b4104 <HAL_USB_USART_Receive_Data>:
DYNALIB_FN(6, hal_usb, HAL_USB_USART_Receive_Data, int32_t(HAL_USB_USART_Serial, uint8_t))
   b4104:	b508      	push	{r3, lr}
   b4106:	4b02      	ldr	r3, [pc, #8]	; (b4110 <HAL_USB_USART_Receive_Data+0xc>)
   b4108:	681b      	ldr	r3, [r3, #0]
   b410a:	699b      	ldr	r3, [r3, #24]
   b410c:	9301      	str	r3, [sp, #4]
   b410e:	bd08      	pop	{r3, pc}
   b4110:	0003024c 	.word	0x0003024c

000b4114 <HAL_USB_USART_Send_Data>:
DYNALIB_FN(7, hal_usb, HAL_USB_USART_Send_Data, int32_t(HAL_USB_USART_Serial, uint8_t))
   b4114:	b508      	push	{r3, lr}
   b4116:	4b02      	ldr	r3, [pc, #8]	; (b4120 <HAL_USB_USART_Send_Data+0xc>)
   b4118:	681b      	ldr	r3, [r3, #0]
   b411a:	69db      	ldr	r3, [r3, #28]
   b411c:	9301      	str	r3, [sp, #4]
   b411e:	bd08      	pop	{r3, pc}
   b4120:	0003024c 	.word	0x0003024c

000b4124 <HAL_USB_USART_Flush_Data>:
DYNALIB_FN(8, hal_usb, HAL_USB_USART_Flush_Data, void(HAL_USB_USART_Serial))
   b4124:	b508      	push	{r3, lr}
   b4126:	4b02      	ldr	r3, [pc, #8]	; (b4130 <HAL_USB_USART_Flush_Data+0xc>)
   b4128:	681b      	ldr	r3, [r3, #0]
   b412a:	6a1b      	ldr	r3, [r3, #32]
   b412c:	9301      	str	r3, [sp, #4]
   b412e:	bd08      	pop	{r3, pc}
   b4130:	0003024c 	.word	0x0003024c

000b4134 <hal_usart_write>:
#endif

DYNALIB_FN(BASE_IDX + 0, hal_usart, hal_usart_init, void(hal_usart_interface_t, hal_usart_ring_buffer_t*, hal_usart_ring_buffer_t*))
DYNALIB_FN(BASE_IDX + 1, hal_usart, hal_usart_begin, void(hal_usart_interface_t, uint32_t))
DYNALIB_FN(BASE_IDX + 2, hal_usart, hal_usart_end, void(hal_usart_interface_t))
DYNALIB_FN(BASE_IDX + 3, hal_usart, hal_usart_write, uint32_t(hal_usart_interface_t, uint8_t))
   b4134:	b508      	push	{r3, lr}
   b4136:	4b02      	ldr	r3, [pc, #8]	; (b4140 <hal_usart_write+0xc>)
   b4138:	681b      	ldr	r3, [r3, #0]
   b413a:	68db      	ldr	r3, [r3, #12]
   b413c:	9301      	str	r3, [sp, #4]
   b413e:	bd08      	pop	{r3, pc}
   b4140:	0003023c 	.word	0x0003023c

000b4144 <hal_usart_available>:
DYNALIB_FN(BASE_IDX + 4, hal_usart, hal_usart_available, int32_t(hal_usart_interface_t))
   b4144:	b508      	push	{r3, lr}
   b4146:	4b02      	ldr	r3, [pc, #8]	; (b4150 <hal_usart_available+0xc>)
   b4148:	681b      	ldr	r3, [r3, #0]
   b414a:	691b      	ldr	r3, [r3, #16]
   b414c:	9301      	str	r3, [sp, #4]
   b414e:	bd08      	pop	{r3, pc}
   b4150:	0003023c 	.word	0x0003023c

000b4154 <hal_usart_read>:
DYNALIB_FN(BASE_IDX + 5, hal_usart, hal_usart_read, int32_t(hal_usart_interface_t))
   b4154:	b508      	push	{r3, lr}
   b4156:	4b02      	ldr	r3, [pc, #8]	; (b4160 <hal_usart_read+0xc>)
   b4158:	681b      	ldr	r3, [r3, #0]
   b415a:	695b      	ldr	r3, [r3, #20]
   b415c:	9301      	str	r3, [sp, #4]
   b415e:	bd08      	pop	{r3, pc}
   b4160:	0003023c 	.word	0x0003023c

000b4164 <hal_usart_peek>:
DYNALIB_FN(BASE_IDX + 6, hal_usart, hal_usart_peek, int32_t(hal_usart_interface_t))
   b4164:	b508      	push	{r3, lr}
   b4166:	4b02      	ldr	r3, [pc, #8]	; (b4170 <hal_usart_peek+0xc>)
   b4168:	681b      	ldr	r3, [r3, #0]
   b416a:	699b      	ldr	r3, [r3, #24]
   b416c:	9301      	str	r3, [sp, #4]
   b416e:	bd08      	pop	{r3, pc}
   b4170:	0003023c 	.word	0x0003023c

000b4174 <hal_usart_flush>:
DYNALIB_FN(BASE_IDX + 7, hal_usart, hal_usart_flush, void(hal_usart_interface_t))
   b4174:	b508      	push	{r3, lr}
   b4176:	4b02      	ldr	r3, [pc, #8]	; (b4180 <hal_usart_flush+0xc>)
   b4178:	681b      	ldr	r3, [r3, #0]
   b417a:	69db      	ldr	r3, [r3, #28]
   b417c:	9301      	str	r3, [sp, #4]
   b417e:	bd08      	pop	{r3, pc}
   b4180:	0003023c 	.word	0x0003023c

000b4184 <hal_usart_available_data_for_write>:
DYNALIB_FN(BASE_IDX + 8, hal_usart, hal_usart_is_enabled, bool(hal_usart_interface_t))
DYNALIB_FN(BASE_IDX + 9, hal_usart, hal_usart_half_duplex, void(hal_usart_interface_t, bool))
DYNALIB_FN(BASE_IDX + 10, hal_usart, hal_usart_available_data_for_write, int32_t(hal_usart_interface_t))
   b4184:	b508      	push	{r3, lr}
   b4186:	4b02      	ldr	r3, [pc, #8]	; (b4190 <hal_usart_available_data_for_write+0xc>)
   b4188:	681b      	ldr	r3, [r3, #0]
   b418a:	6a9b      	ldr	r3, [r3, #40]	; 0x28
   b418c:	9301      	str	r3, [sp, #4]
   b418e:	bd08      	pop	{r3, pc}
   b4190:	0003023c 	.word	0x0003023c

000b4194 <hal_usart_init_ex>:
DYNALIB_FN(BASE_IDX2 + 0, hal_usart, hal_usart_begin_config, void(hal_usart_interface_t serial, uint32_t baud, uint32_t config, void *ptr))
DYNALIB_FN(BASE_IDX2 + 1, hal_usart, hal_usart_write_nine_bits, uint32_t(hal_usart_interface_t serial, uint16_t data))
DYNALIB_FN(BASE_IDX2 + 2, hal_usart, hal_usart_send_break, void(hal_usart_interface_t, void*))
DYNALIB_FN(BASE_IDX2 + 3, hal_usart, hal_usart_break_detected, uint8_t(hal_usart_interface_t))
DYNALIB_FN(BASE_IDX2 + 4, hal_usart, hal_usart_sleep, int(hal_usart_interface_t serial, bool, void*))
DYNALIB_FN(BASE_IDX2 + 5, hal_usart, hal_usart_init_ex, int(hal_usart_interface_t, const hal_usart_buffer_config_t*, void*))
   b4194:	b508      	push	{r3, lr}
   b4196:	4b02      	ldr	r3, [pc, #8]	; (b41a0 <hal_usart_init_ex+0xc>)
   b4198:	681b      	ldr	r3, [r3, #0]
   b419a:	6c1b      	ldr	r3, [r3, #64]	; 0x40
   b419c:	9301      	str	r3, [sp, #4]
   b419e:	bd08      	pop	{r3, pc}
   b41a0:	0003023c 	.word	0x0003023c

000b41a4 <inet_inet_ntop>:
DYNALIB_FN(0, hal_inet, inet_inet_addr, in_addr_t(const char*))
DYNALIB_FN(1, hal_inet, inet_inet_aton, int(const char*, struct in_addr*))
DYNALIB_FN(2, hal_inet, inet_inet_network, in_addr_t(const char*))
DYNALIB_FN(3, hal_inet, inet_inet_ntoa, char*(struct in_addr))
DYNALIB_FN(4, hal_inet, inet_inet_ntoa_r, char*(struct in_addr, char*, socklen_t))
DYNALIB_FN(5, hal_inet, inet_inet_ntop, const char*(int, const void*, char*, socklen_t))
   b41a4:	b508      	push	{r3, lr}
   b41a6:	4b02      	ldr	r3, [pc, #8]	; (b41b0 <inet_inet_ntop+0xc>)
   b41a8:	681b      	ldr	r3, [r3, #0]
   b41aa:	695b      	ldr	r3, [r3, #20]
   b41ac:	9301      	str	r3, [sp, #4]
   b41ae:	bd08      	pop	{r3, pc}
   b41b0:	00030264 	.word	0x00030264

000b41b4 <os_mutex_recursive_create>:
DYNALIB_FN(13, hal_concurrent, os_mutex_destroy, int(os_mutex_t))
DYNALIB_FN(14, hal_concurrent, os_mutex_lock, int(os_mutex_t))
DYNALIB_FN(15, hal_concurrent, os_mutex_trylock, int(os_mutex_t))
DYNALIB_FN(16, hal_concurrent, os_mutex_unlock, int(os_mutex_t))

DYNALIB_FN(17, hal_concurrent, os_mutex_recursive_create, int(os_mutex_recursive_t*))
   b41b4:	b508      	push	{r3, lr}
   b41b6:	4b02      	ldr	r3, [pc, #8]	; (b41c0 <os_mutex_recursive_create+0xc>)
   b41b8:	681b      	ldr	r3, [r3, #0]
   b41ba:	6c5b      	ldr	r3, [r3, #68]	; 0x44
   b41bc:	9301      	str	r3, [sp, #4]
   b41be:	bd08      	pop	{r3, pc}
   b41c0:	00030248 	.word	0x00030248

000b41c4 <HAL_RNG_GetRandomNumber>:

DYNALIB_BEGIN(hal)

#if PLATFORM_ID > PLATFORM_GCC
DYNALIB_FN(0, hal, HAL_RNG_Configuration, void(void))
DYNALIB_FN(1, hal, HAL_RNG_GetRandomNumber, uint32_t(void))
   b41c4:	b508      	push	{r3, lr}
   b41c6:	4b02      	ldr	r3, [pc, #8]	; (b41d0 <HAL_RNG_GetRandomNumber+0xc>)
   b41c8:	681b      	ldr	r3, [r3, #0]
   b41ca:	685b      	ldr	r3, [r3, #4]
   b41cc:	9301      	str	r3, [sp, #4]
   b41ce:	bd08      	pop	{r3, pc}
   b41d0:	00030218 	.word	0x00030218

000b41d4 <HAL_Timer_Get_Milli_Seconds>:
#endif // PLATFORM_ID > PLATFORM_GCC

DYNALIB_FN(BASE_IDX + 0, hal, HAL_Delay_Milliseconds, void(uint32_t))
DYNALIB_FN(BASE_IDX + 1, hal, HAL_Delay_Microseconds, void(uint32_t))
DYNALIB_FN(BASE_IDX + 2, hal, HAL_Timer_Get_Micro_Seconds, system_tick_t(void))
DYNALIB_FN(BASE_IDX + 3, hal, HAL_Timer_Get_Milli_Seconds, system_tick_t(void))
   b41d4:	b508      	push	{r3, lr}
   b41d6:	4b02      	ldr	r3, [pc, #8]	; (b41e0 <HAL_Timer_Get_Milli_Seconds+0xc>)
   b41d8:	681b      	ldr	r3, [r3, #0]
   b41da:	695b      	ldr	r3, [r3, #20]
   b41dc:	9301      	str	r3, [sp, #4]
   b41de:	bd08      	pop	{r3, pc}
   b41e0:	00030218 	.word	0x00030218

000b41e4 <netdb_freeaddrinfo>:

DYNALIB_BEGIN(hal_netdb)

DYNALIB_FN(0, hal_netdb, netdb_gethostbyname, struct hostent*(const char*))
DYNALIB_FN(1, hal_netdb, netdb_gethostbyname_r, int(const char*, struct hostent*, char*, size_t, struct hostent**, int*))
DYNALIB_FN(2, hal_netdb, netdb_freeaddrinfo, void(struct addrinfo*))
   b41e4:	b508      	push	{r3, lr}
   b41e6:	4b02      	ldr	r3, [pc, #8]	; (b41f0 <netdb_freeaddrinfo+0xc>)
   b41e8:	681b      	ldr	r3, [r3, #0]
   b41ea:	689b      	ldr	r3, [r3, #8]
   b41ec:	9301      	str	r3, [sp, #4]
   b41ee:	bd08      	pop	{r3, pc}
   b41f0:	00030268 	.word	0x00030268

000b41f4 <netdb_getaddrinfo>:
DYNALIB_FN(3, hal_netdb, netdb_getaddrinfo, int(const char*, const char*, const struct addrinfo*, struct addrinfo**))
   b41f4:	b508      	push	{r3, lr}
   b41f6:	4b02      	ldr	r3, [pc, #8]	; (b4200 <netdb_getaddrinfo+0xc>)
   b41f8:	681b      	ldr	r3, [r3, #0]
   b41fa:	68db      	ldr	r3, [r3, #12]
   b41fc:	9301      	str	r3, [sp, #4]
   b41fe:	bd08      	pop	{r3, pc}
   b4200:	00030268 	.word	0x00030268

000b4204 <spark_set_random_seed_from_cloud_handler>:
DYNALIB_FN(10, system_cloud, spark_unsubscribe, void(void*))
DYNALIB_FN(11, system_cloud, spark_sync_time, bool(void*))
DYNALIB_FN(12, system_cloud, spark_sync_time_pending, bool(void*))
DYNALIB_FN(13, system_cloud, spark_sync_time_last, system_tick_t(time32_t*, time_t*))
DYNALIB_FN(14, system_cloud, spark_set_connection_property, int(unsigned, unsigned, const void*, void*))
DYNALIB_FN(15, system_cloud, spark_set_random_seed_from_cloud_handler, int(void (*handler)(unsigned int), void*))
   b4204:	b508      	push	{r3, lr}
   b4206:	4b02      	ldr	r3, [pc, #8]	; (b4210 <spark_set_random_seed_from_cloud_handler+0xc>)
   b4208:	681b      	ldr	r3, [r3, #0]
   b420a:	6bdb      	ldr	r3, [r3, #60]	; 0x3c
   b420c:	9301      	str	r3, [sp, #4]
   b420e:	bd08      	pop	{r3, pc}
   b4210:	00030244 	.word	0x00030244

000b4214 <network_connect>:
#endif

DYNALIB_BEGIN(system_net)

DYNALIB_FN(0, system_net, network_config, const void*(network_handle_t, uint32_t, void*))
DYNALIB_FN(1, system_net, network_connect, void(network_handle_t, uint32_t, uint32_t, void*))
   b4214:	b508      	push	{r3, lr}
   b4216:	4b02      	ldr	r3, [pc, #8]	; (b4220 <network_connect+0xc>)
   b4218:	681b      	ldr	r3, [r3, #0]
   b421a:	685b      	ldr	r3, [r3, #4]
   b421c:	9301      	str	r3, [sp, #4]
   b421e:	bd08      	pop	{r3, pc}
   b4220:	00030240 	.word	0x00030240

000b4224 <network_connecting>:
DYNALIB_FN(2, system_net, network_connecting, bool(network_handle_t, uint32_t, void*))
   b4224:	b508      	push	{r3, lr}
   b4226:	4b02      	ldr	r3, [pc, #8]	; (b4230 <network_connecting+0xc>)
   b4228:	681b      	ldr	r3, [r3, #0]
   b422a:	689b      	ldr	r3, [r3, #8]
   b422c:	9301      	str	r3, [sp, #4]
   b422e:	bd08      	pop	{r3, pc}
   b4230:	00030240 	.word	0x00030240

000b4234 <network_disconnect>:
DYNALIB_FN(3, system_net, network_disconnect, void(network_handle_t, uint32_t, void*))
   b4234:	b508      	push	{r3, lr}
   b4236:	4b02      	ldr	r3, [pc, #8]	; (b4240 <network_disconnect+0xc>)
   b4238:	681b      	ldr	r3, [r3, #0]
   b423a:	68db      	ldr	r3, [r3, #12]
   b423c:	9301      	str	r3, [sp, #4]
   b423e:	bd08      	pop	{r3, pc}
   b4240:	00030240 	.word	0x00030240

000b4244 <network_ready>:
DYNALIB_FN(4, system_net, network_ready, bool(network_handle_t, uint32_t, void*))
   b4244:	b508      	push	{r3, lr}
   b4246:	4b02      	ldr	r3, [pc, #8]	; (b4250 <network_ready+0xc>)
   b4248:	681b      	ldr	r3, [r3, #0]
   b424a:	691b      	ldr	r3, [r3, #16]
   b424c:	9301      	str	r3, [sp, #4]
   b424e:	bd08      	pop	{r3, pc}
   b4250:	00030240 	.word	0x00030240

000b4254 <network_on>:
DYNALIB_FN(5, system_net, network_on, void(network_handle_t, uint32_t, uint32_t, void*))
   b4254:	b508      	push	{r3, lr}
   b4256:	4b02      	ldr	r3, [pc, #8]	; (b4260 <network_on+0xc>)
   b4258:	681b      	ldr	r3, [r3, #0]
   b425a:	695b      	ldr	r3, [r3, #20]
   b425c:	9301      	str	r3, [sp, #4]
   b425e:	bd08      	pop	{r3, pc}
   b4260:	00030240 	.word	0x00030240

000b4264 <network_off>:
DYNALIB_FN(6, system_net, network_off, void(network_handle_t, uint32_t, uint32_t, void*))
   b4264:	b508      	push	{r3, lr}
   b4266:	4b02      	ldr	r3, [pc, #8]	; (b4270 <network_off+0xc>)
   b4268:	681b      	ldr	r3, [r3, #0]
   b426a:	699b      	ldr	r3, [r3, #24]
   b426c:	9301      	str	r3, [sp, #4]
   b426e:	bd08      	pop	{r3, pc}
   b4270:	00030240 	.word	0x00030240

000b4274 <network_listen>:
DYNALIB_FN(7, system_net, network_listen, void(network_handle_t, uint32_t, void*))
   b4274:	b508      	push	{r3, lr}
   b4276:	4b02      	ldr	r3, [pc, #8]	; (b4280 <network_listen+0xc>)
   b4278:	681b      	ldr	r3, [r3, #0]
   b427a:	69db      	ldr	r3, [r3, #28]
   b427c:	9301      	str	r3, [sp, #4]
   b427e:	bd08      	pop	{r3, pc}
   b4280:	00030240 	.word	0x00030240

000b4284 <network_listening>:
DYNALIB_FN(8, system_net, network_listening, bool(network_handle_t, uint32_t, void*))
   b4284:	b508      	push	{r3, lr}
   b4286:	4b02      	ldr	r3, [pc, #8]	; (b4290 <network_listening+0xc>)
   b4288:	681b      	ldr	r3, [r3, #0]
   b428a:	6a1b      	ldr	r3, [r3, #32]
   b428c:	9301      	str	r3, [sp, #4]
   b428e:	bd08      	pop	{r3, pc}
   b4290:	00030240 	.word	0x00030240

000b4294 <network_set_listen_timeout>:
DYNALIB_FN(9, system_net, network_has_credentials, bool(network_handle_t, uint32_t, void*))
DYNALIB_FN(10, system_net, network_set_credentials, int(network_handle_t, uint32_t, NetworkCredentials*, void*))
DYNALIB_FN(11, system_net, network_clear_credentials, bool(network_handle_t, uint32_t, NetworkCredentials*, void*))
DYNALIB_FN(12, system_net, network_set_listen_timeout, void(network_handle_t, uint16_t, void*))
   b4294:	b508      	push	{r3, lr}
   b4296:	4b02      	ldr	r3, [pc, #8]	; (b42a0 <network_set_listen_timeout+0xc>)
   b4298:	681b      	ldr	r3, [r3, #0]
   b429a:	6b1b      	ldr	r3, [r3, #48]	; 0x30
   b429c:	9301      	str	r3, [sp, #4]
   b429e:	bd08      	pop	{r3, pc}
   b42a0:	00030240 	.word	0x00030240

000b42a4 <network_get_listen_timeout>:
DYNALIB_FN(13, system_net, network_get_listen_timeout, uint16_t(network_handle_t, uint32_t, void*))
   b42a4:	b508      	push	{r3, lr}
   b42a6:	4b02      	ldr	r3, [pc, #8]	; (b42b0 <network_get_listen_timeout+0xc>)
   b42a8:	681b      	ldr	r3, [r3, #0]
   b42aa:	6b5b      	ldr	r3, [r3, #52]	; 0x34
   b42ac:	9301      	str	r3, [sp, #4]
   b42ae:	bd08      	pop	{r3, pc}
   b42b0:	00030240 	.word	0x00030240

000b42b4 <network_is_on>:
DYNALIB_FN(14, system_net, network_set_hostname, int(network_handle_t, uint32_t, const char*, void*))
DYNALIB_FN(15, system_net, network_get_hostname, int(network_handle_t, uint32_t, char*, size_t, void*))
DYNALIB_FN(16, system_net, network_is_on, bool(network_handle_t, void*))
   b42b4:	b508      	push	{r3, lr}
   b42b6:	4b02      	ldr	r3, [pc, #8]	; (b42c0 <network_is_on+0xc>)
   b42b8:	681b      	ldr	r3, [r3, #0]
   b42ba:	6c1b      	ldr	r3, [r3, #64]	; 0x40
   b42bc:	9301      	str	r3, [sp, #4]
   b42be:	bd08      	pop	{r3, pc}
   b42c0:	00030240 	.word	0x00030240

000b42c4 <network_is_off>:
DYNALIB_FN(17, system_net, network_is_off, bool(network_handle_t, void*))
   b42c4:	b508      	push	{r3, lr}
   b42c6:	4b02      	ldr	r3, [pc, #8]	; (b42d0 <network_is_off+0xc>)
   b42c8:	681b      	ldr	r3, [r3, #0]
   b42ca:	6c5b      	ldr	r3, [r3, #68]	; 0x44
   b42cc:	9301      	str	r3, [sp, #4]
   b42ce:	bd08      	pop	{r3, pc}
   b42d0:	00030240 	.word	0x00030240

000b42d4 <set_system_mode>:
#endif

DYNALIB_BEGIN(system)

DYNALIB_FN(0, system, system_mode, System_Mode_TypeDef(void))
DYNALIB_FN(1, system, set_system_mode, void(System_Mode_TypeDef))
   b42d4:	b508      	push	{r3, lr}
   b42d6:	4b02      	ldr	r3, [pc, #8]	; (b42e0 <set_system_mode+0xc>)
   b42d8:	681b      	ldr	r3, [r3, #0]
   b42da:	685b      	ldr	r3, [r3, #4]
   b42dc:	9301      	str	r3, [sp, #4]
   b42de:	bd08      	pop	{r3, pc}
   b42e0:	00030220 	.word	0x00030220

000b42e4 <system_ctrl_set_app_request_handler>:
DYNALIB_FN(BASE_IDX + 6, system, led_pattern_period, uint16_t(int, int, void*))
DYNALIB_FN(BASE_IDX + 7, system, system_set_tester_handlers, int(system_tester_handlers_t*, void*))
DYNALIB_FN(BASE_IDX + 8, system, system_format_diag_data, int(const uint16_t*, size_t, unsigned, appender_fn, void*, void*))

// Control requests
DYNALIB_FN(BASE_IDX + 9, system, system_ctrl_set_app_request_handler, int(ctrl_request_handler_fn, void*))
   b42e4:	b508      	push	{r3, lr}
   b42e6:	4b03      	ldr	r3, [pc, #12]	; (b42f4 <system_ctrl_set_app_request_handler+0x10>)
   b42e8:	681b      	ldr	r3, [r3, #0]
   b42ea:	f8d3 3088 	ldr.w	r3, [r3, #136]	; 0x88
   b42ee:	9301      	str	r3, [sp, #4]
   b42f0:	bd08      	pop	{r3, pc}
   b42f2:	0000      	.short	0x0000
   b42f4:	00030220 	.word	0x00030220

000b42f8 <system_ctrl_set_result>:
DYNALIB_FN(BASE_IDX + 10, system, system_ctrl_alloc_reply_data, int(ctrl_request*, size_t, void*))
DYNALIB_FN(BASE_IDX + 11, system, system_ctrl_free_request_data, void(ctrl_request*, void*))
DYNALIB_FN(BASE_IDX + 12, system, system_ctrl_set_result, void(ctrl_request*, int, ctrl_completion_handler_fn, void*, void*))
   b42f8:	b508      	push	{r3, lr}
   b42fa:	4b03      	ldr	r3, [pc, #12]	; (b4308 <system_ctrl_set_result+0x10>)
   b42fc:	681b      	ldr	r3, [r3, #0]
   b42fe:	f8d3 3094 	ldr.w	r3, [r3, #148]	; 0x94
   b4302:	9301      	str	r3, [sp, #4]
   b4304:	bd08      	pop	{r3, pc}
   b4306:	0000      	.short	0x0000
   b4308:	00030220 	.word	0x00030220

000b430c <malloc>:
#include "hal_platform.h"
#endif // defined(DYNALIB_EXPORT) || (defined(DYNALIB_IMPORT) && !defined(RT_DYNALIB_NO_DEPENDENCY_BREAKING_IMPORTS))

DYNALIB_BEGIN(rt)

DYNALIB_FN(0, rt, malloc, void*(size_t))
   b430c:	b508      	push	{r3, lr}
   b430e:	4b02      	ldr	r3, [pc, #8]	; (b4318 <malloc+0xc>)
   b4310:	681b      	ldr	r3, [r3, #0]
   b4312:	681b      	ldr	r3, [r3, #0]
   b4314:	9301      	str	r3, [sp, #4]
   b4316:	bd08      	pop	{r3, pc}
   b4318:	0003021c 	.word	0x0003021c

000b431c <free>:
DYNALIB_FN(1, rt, free, void(void*))
   b431c:	b508      	push	{r3, lr}
   b431e:	4b02      	ldr	r3, [pc, #8]	; (b4328 <free+0xc>)
   b4320:	681b      	ldr	r3, [r3, #0]
   b4322:	685b      	ldr	r3, [r3, #4]
   b4324:	9301      	str	r3, [sp, #4]
   b4326:	bd08      	pop	{r3, pc}
   b4328:	0003021c 	.word	0x0003021c

000b432c <__assert_func>:
DYNALIB_FN(13, rt, _free_r, void(struct _reent*, void*))
DYNALIB_FN(14, rt, _realloc_r, void*(struct _reent*, void*, size_t))
DYNALIB_FN(15, rt, __errno, int*())

#if defined(DYNALIB_EXPORT) || (defined(DYNALIB_IMPORT) && !defined(RT_DYNALIB_NO_DEPENDENCY_BREAKING_IMPORTS))
DYNALIB_FN(16, rt, __assert_func, void(const char*, int, const char*, const char*))
   b432c:	b508      	push	{r3, lr}
   b432e:	4b02      	ldr	r3, [pc, #8]	; (b4338 <__assert_func+0xc>)
   b4330:	681b      	ldr	r3, [r3, #0]
   b4332:	6c1b      	ldr	r3, [r3, #64]	; 0x40
   b4334:	9301      	str	r3, [sp, #4]
   b4336:	bd08      	pop	{r3, pc}
   b4338:	0003021c 	.word	0x0003021c

000b433c <newlib_impure_ptr_callback>:
DYNALIB_FN(17, rt, newlib_impure_ptr_callback, void(void (*)(struct _reent*, size_t, uint32_t, void*), void*))
   b433c:	b508      	push	{r3, lr}
   b433e:	4b02      	ldr	r3, [pc, #8]	; (b4348 <newlib_impure_ptr_callback+0xc>)
   b4340:	681b      	ldr	r3, [r3, #0]
   b4342:	6c5b      	ldr	r3, [r3, #68]	; 0x44
   b4344:	9301      	str	r3, [sp, #4]
   b4346:	bd08      	pop	{r3, pc}
   b4348:	0003021c 	.word	0x0003021c

000b434c <_ZN5spark12NetworkClass7connectEj>:
        return Network;
    }
}

void NetworkClass::connect(unsigned flags) {
    network_connect(*this, flags, 0, nullptr);
   b434c:	2300      	movs	r3, #0
   b434e:	6840      	ldr	r0, [r0, #4]
   b4350:	461a      	mov	r2, r3
   b4352:	f7ff bf5f 	b.w	b4214 <network_connect>

000b4356 <_ZN5spark12NetworkClass10disconnectEv>:
}

void NetworkClass::disconnect() {
    network_disconnect(*this, NETWORK_DISCONNECT_REASON_USER, nullptr);
   b4356:	6840      	ldr	r0, [r0, #4]
   b4358:	2200      	movs	r2, #0
   b435a:	2102      	movs	r1, #2
   b435c:	f7ff bf6a 	b.w	b4234 <network_disconnect>

000b4360 <_ZN5spark12NetworkClass10connectingEv>:
}

bool NetworkClass::connecting() {
    return network_connecting(*this, 0, nullptr);
   b4360:	2200      	movs	r2, #0
   b4362:	6840      	ldr	r0, [r0, #4]
   b4364:	4611      	mov	r1, r2
   b4366:	f7ff bf5d 	b.w	b4224 <network_connecting>

000b436a <_ZN5spark12NetworkClass5readyEv>:
}

bool NetworkClass::ready() {
    return network_ready(*this, 0, nullptr);
   b436a:	2200      	movs	r2, #0
   b436c:	6840      	ldr	r0, [r0, #4]
   b436e:	4611      	mov	r1, r2
   b4370:	f7ff bf68 	b.w	b4244 <network_ready>

000b4374 <_ZN5spark12NetworkClass2onEv>:
}

void NetworkClass::on() {
    network_on(*this, 0, 0, nullptr);
   b4374:	2300      	movs	r3, #0
   b4376:	6840      	ldr	r0, [r0, #4]
   b4378:	461a      	mov	r2, r3
   b437a:	4619      	mov	r1, r3
   b437c:	f7ff bf6a 	b.w	b4254 <network_on>

000b4380 <_ZN5spark12NetworkClass3offEv>:
}

void NetworkClass::off() {
    network_off(*this, 0, 0, nullptr);
   b4380:	2300      	movs	r3, #0
   b4382:	6840      	ldr	r0, [r0, #4]
   b4384:	461a      	mov	r2, r3
   b4386:	4619      	mov	r1, r3
   b4388:	f7ff bf6c 	b.w	b4264 <network_off>

000b438c <_ZN5spark12NetworkClass4isOnEv>:
}

bool NetworkClass::isOn() {
    return network_is_on(*this, nullptr);
   b438c:	6840      	ldr	r0, [r0, #4]
   b438e:	2100      	movs	r1, #0
   b4390:	f7ff bf90 	b.w	b42b4 <network_is_on>

000b4394 <_ZN5spark12NetworkClass5isOffEv>:
}

bool NetworkClass::isOff() {
    return network_is_off(*this, nullptr);
   b4394:	6840      	ldr	r0, [r0, #4]
   b4396:	2100      	movs	r1, #0
   b4398:	f7ff bf94 	b.w	b42c4 <network_is_off>

000b439c <_ZN5spark12NetworkClass6listenEb>:
}

void NetworkClass::listen(bool begin) {
    network_listen(*this, begin ? 0 : 1, nullptr);
   b439c:	6840      	ldr	r0, [r0, #4]
   b439e:	2200      	movs	r2, #0
   b43a0:	f081 0101 	eor.w	r1, r1, #1
   b43a4:	f7ff bf66 	b.w	b4274 <network_listen>

000b43a8 <_ZN5spark12NetworkClass16setListenTimeoutEt>:
}

void NetworkClass::setListenTimeout(uint16_t timeout) {
    network_set_listen_timeout(*this, timeout, nullptr);
   b43a8:	6840      	ldr	r0, [r0, #4]
   b43aa:	2200      	movs	r2, #0
   b43ac:	f7ff bf72 	b.w	b4294 <network_set_listen_timeout>

000b43b0 <_ZN5spark12NetworkClass16getListenTimeoutEv>:
}

uint16_t NetworkClass::getListenTimeout() {
    return network_get_listen_timeout(*this, 0, nullptr);
   b43b0:	2200      	movs	r2, #0
   b43b2:	6840      	ldr	r0, [r0, #4]
   b43b4:	4611      	mov	r1, r2
   b43b6:	f7ff bf75 	b.w	b42a4 <network_get_listen_timeout>

000b43ba <_ZN5spark12NetworkClass9listeningEv>:
}

bool NetworkClass::listening() {
    return network_listening(*this, 0, nullptr);
   b43ba:	2200      	movs	r2, #0
   b43bc:	6840      	ldr	r0, [r0, #4]
   b43be:	4611      	mov	r1, r2
   b43c0:	f7ff bf60 	b.w	b4284 <network_listening>

000b43c4 <_ZN5spark12NetworkClass7resolveEPKc>:
}

IPAddress NetworkClass::resolve(const char* name) {
   b43c4:	e92d 43f0 	stmdb	sp!, {r4, r5, r6, r7, r8, r9, lr}
   b43c8:	b095      	sub	sp, #84	; 0x54
   b43ca:	4614      	mov	r4, r2
   b43cc:	460d      	mov	r5, r1
   b43ce:	4607      	mov	r7, r0
    IPAddress addr;
   b43d0:	f000 f9c6 	bl	b4760 <_ZN9IPAddressC1Ev>
#if HAL_USE_INET_HAL_POSIX
    struct addrinfo *ai = nullptr;
   b43d4:	2100      	movs	r1, #0
    struct addrinfo hints = {};
   b43d6:	221c      	movs	r2, #28
   b43d8:	a80d      	add	r0, sp, #52	; 0x34
    struct addrinfo *ai = nullptr;
   b43da:	9100      	str	r1, [sp, #0]
    struct addrinfo hints = {};
   b43dc:	f000 fb98 	bl	b4b10 <memset>
    hints.ai_flags = AI_ADDRCONFIG;
   b43e0:	2340      	movs	r3, #64	; 0x40
   b43e2:	930c      	str	r3, [sp, #48]	; 0x30
    hints.ai_family = AF_UNSPEC;
    const int r = getaddrinfo(name, nullptr, &hints, &ai);
   b43e4:	4620      	mov	r0, r4
   b43e6:	466b      	mov	r3, sp
   b43e8:	aa0c      	add	r2, sp, #48	; 0x30
   b43ea:	2100      	movs	r1, #0
   b43ec:	f7ff ff02 	bl	b41f4 <netdb_getaddrinfo>
    if (!r) {
   b43f0:	4604      	mov	r4, r0
   b43f2:	2800      	cmp	r0, #0
   b43f4:	d14b      	bne.n	b448e <_ZN5spark12NetworkClass7resolveEPKc+0xca>
        bool ok = false;
        // This is not really needed if AI_ADDRCONFIG is properly supported
        bool ipv4 = network_ready(*this, NETWORK_READY_TYPE_IPV4, nullptr);
   b43f6:	4602      	mov	r2, r0
   b43f8:	2101      	movs	r1, #1
   b43fa:	6868      	ldr	r0, [r5, #4]
   b43fc:	f7ff ff22 	bl	b4244 <network_ready>
        bool ipv6 = network_ready(*this, NETWORK_READY_TYPE_IPV6, nullptr);
   b4400:	2102      	movs	r1, #2
        bool ipv4 = network_ready(*this, NETWORK_READY_TYPE_IPV4, nullptr);
   b4402:	4680      	mov	r8, r0
        bool ipv6 = network_ready(*this, NETWORK_READY_TYPE_IPV6, nullptr);
   b4404:	4622      	mov	r2, r4
   b4406:	6868      	ldr	r0, [r5, #4]
   b4408:	f7ff ff1c 	bl	b4244 <network_ready>
        for (auto cur = ai; cur != nullptr && !ok; cur = cur->ai_next) {
   b440c:	9e00      	ldr	r6, [sp, #0]
        bool ipv6 = network_ready(*this, NETWORK_READY_TYPE_IPV6, nullptr);
   b440e:	4681      	mov	r9, r0
        bool ok = false;
   b4410:	4621      	mov	r1, r4
        for (auto cur = ai; cur != nullptr && !ok; cur = cur->ai_next) {
   b4412:	2e00      	cmp	r6, #0
   b4414:	d03b      	beq.n	b448e <_ZN5spark12NetworkClass7resolveEPKc+0xca>
   b4416:	2900      	cmp	r1, #0
   b4418:	d139      	bne.n	b448e <_ZN5spark12NetworkClass7resolveEPKc+0xca>
            // NOTE: using only the first entry that matches the current state of IPv4/IPv6 connectivity
            switch (cur->ai_family) {
   b441a:	6873      	ldr	r3, [r6, #4]
   b441c:	2b02      	cmp	r3, #2
   b441e:	d003      	beq.n	b4428 <_ZN5spark12NetworkClass7resolveEPKc+0x64>
   b4420:	2b0a      	cmp	r3, #10
   b4422:	d011      	beq.n	b4448 <_ZN5spark12NetworkClass7resolveEPKc+0x84>
        for (auto cur = ai; cur != nullptr && !ok; cur = cur->ai_next) {
   b4424:	69f6      	ldr	r6, [r6, #28]
   b4426:	e7f4      	b.n	b4412 <_ZN5spark12NetworkClass7resolveEPKc+0x4e>
                case AF_INET: {
                    if (!ipv4) {
   b4428:	f1b8 0f00 	cmp.w	r8, #0
   b442c:	d0fa      	beq.n	b4424 <_ZN5spark12NetworkClass7resolveEPKc+0x60>
                        continue;
                    }
                    // NOTE: HAL_IPAddress is little-endian
                    auto in = (struct sockaddr_in*)cur->ai_addr;
                    addr = (const uint8_t*)(&in->sin_addr.s_addr);
   b442e:	6971      	ldr	r1, [r6, #20]


    // Overloaded copy operators to allow initialisation of IPAddress objects from other types
    template<typename T>
    IPAddress& operator=(T address) {
        return *this = IPAddress(address);
   b4430:	a806      	add	r0, sp, #24
   b4432:	3104      	adds	r1, #4
class IPAddress : public Printable {
   b4434:	ad07      	add	r5, sp, #28
        return *this = IPAddress(address);
   b4436:	f000 f9c1 	bl	b47bc <_ZN9IPAddressC1EPKh>
class IPAddress : public Printable {
   b443a:	cd0f      	ldmia	r5!, {r0, r1, r2, r3}
   b443c:	1d3c      	adds	r4, r7, #4
   b443e:	c40f      	stmia	r4!, {r0, r1, r2, r3}
   b4440:	682b      	ldr	r3, [r5, #0]
   b4442:	7023      	strb	r3, [r4, #0]
                    ok = true;
   b4444:	4641      	mov	r1, r8
        return *this = IPAddress(address);
   b4446:	e7ed      	b.n	b4424 <_ZN5spark12NetworkClass7resolveEPKc+0x60>
                    break;
                }
                case AF_INET6: {
                    if (!ipv6) {
   b4448:	f1b9 0f00 	cmp.w	r9, #0
   b444c:	d0ea      	beq.n	b4424 <_ZN5spark12NetworkClass7resolveEPKc+0x60>
                        continue;
                    }
                    auto in6 = (struct sockaddr_in6*)cur->ai_addr;
   b444e:	6974      	ldr	r4, [r6, #20]
                    HAL_IPAddress a = {};
   b4450:	2210      	movs	r2, #16
   b4452:	a801      	add	r0, sp, #4
   b4454:	f000 fb5c 	bl	b4b10 <memset>
                    a.v = 6;
   b4458:	2306      	movs	r3, #6
   b445a:	f88d 3014 	strb.w	r3, [sp, #20]
                    memcpy(a.ipv6, in6->sin6_addr.s6_addr, sizeof(a.ipv6));
   b445e:	ad01      	add	r5, sp, #4
   b4460:	f104 0308 	add.w	r3, r4, #8
   b4464:	3418      	adds	r4, #24
   b4466:	6818      	ldr	r0, [r3, #0]
   b4468:	6859      	ldr	r1, [r3, #4]
   b446a:	462a      	mov	r2, r5
   b446c:	c203      	stmia	r2!, {r0, r1}
   b446e:	3308      	adds	r3, #8
   b4470:	42a3      	cmp	r3, r4
   b4472:	4615      	mov	r5, r2
   b4474:	d1f7      	bne.n	b4466 <_ZN5spark12NetworkClass7resolveEPKc+0xa2>
                    addr = IPAddress(a);
   b4476:	a901      	add	r1, sp, #4
   b4478:	a806      	add	r0, sp, #24
class IPAddress : public Printable {
   b447a:	ad07      	add	r5, sp, #28
   b447c:	f000 f97e 	bl	b477c <_ZN9IPAddressC1ERK16_HAL_IPAddress_t>
   b4480:	cd0f      	ldmia	r5!, {r0, r1, r2, r3}
   b4482:	1d3c      	adds	r4, r7, #4
   b4484:	c40f      	stmia	r4!, {r0, r1, r2, r3}
   b4486:	682b      	ldr	r3, [r5, #0]
   b4488:	7023      	strb	r3, [r4, #0]
                    ok = true;
   b448a:	4649      	mov	r1, r9
   b448c:	e7ca      	b.n	b4424 <_ZN5spark12NetworkClass7resolveEPKc+0x60>
                    break;
                }
            }
        }
    }
    freeaddrinfo(ai);
   b448e:	9800      	ldr	r0, [sp, #0]
   b4490:	f7ff fea8 	bl	b41e4 <netdb_freeaddrinfo>
    return Cellular.resolve(name);
#endif // Wiring_Cellular

#endif // HAL_USE_INET_HAL_POSIX
    return addr;
}
   b4494:	4638      	mov	r0, r7
   b4496:	b015      	add	sp, #84	; 0x54
   b4498:	e8bd 83f0 	ldmia.w	sp!, {r4, r5, r6, r7, r8, r9, pc}

000b449c <_GLOBAL__sub_I__ZN5spark7NetworkE>:
    static NetworkClass& from(network_interface_t nif);

    virtual IPAddress resolve(const char* name);

    explicit NetworkClass(network_interface_t iface)
            : iface_(iface) {
   b449c:	4b02      	ldr	r3, [pc, #8]	; (b44a8 <_GLOBAL__sub_I__ZN5spark7NetworkE+0xc>)
   b449e:	4a03      	ldr	r2, [pc, #12]	; (b44ac <_GLOBAL__sub_I__ZN5spark7NetworkE+0x10>)
   b44a0:	601a      	str	r2, [r3, #0]
   b44a2:	2200      	movs	r2, #0
   b44a4:	605a      	str	r2, [r3, #4]

} // spark
   b44a6:	4770      	bx	lr
   b44a8:	2003e6b4 	.word	0x2003e6b4
   b44ac:	000b4c74 	.word	0x000b4c74

000b44b0 <_ZN11USARTSerialD1Ev>:
private:
  hal_usart_interface_t _serial;
  bool _blocking;
public:
  USARTSerial(hal_usart_interface_t serial, const hal_usart_buffer_config_t& config);
  virtual ~USARTSerial() {};
   b44b0:	4770      	bx	lr

000b44b2 <_ZN11USARTSerial14blockOnOverrunEb>:
    hal_usart_half_duplex(_serial, Enable);
}

void USARTSerial::blockOnOverrun(bool block)
{
  _blocking = block;
   b44b2:	7441      	strb	r1, [r0, #17]
}
   b44b4:	4770      	bx	lr

000b44b6 <_ZN11USARTSerial17availableForWriteEv>:


int USARTSerial::availableForWrite(void)
{
   b44b6:	b508      	push	{r3, lr}
  return std::max(0, (int)hal_usart_available_data_for_write(_serial));
   b44b8:	7c00      	ldrb	r0, [r0, #16]
   b44ba:	f7ff fe63 	bl	b4184 <hal_usart_available_data_for_write>
}
   b44be:	ea20 70e0 	bic.w	r0, r0, r0, asr #31
   b44c2:	bd08      	pop	{r3, pc}

000b44c4 <_ZN11USARTSerial9availableEv>:

int USARTSerial::available(void)
{
   b44c4:	b508      	push	{r3, lr}
  return std::max(0, (int)hal_usart_available(_serial));
   b44c6:	7c00      	ldrb	r0, [r0, #16]
   b44c8:	f7ff fe3c 	bl	b4144 <hal_usart_available>
}
   b44cc:	ea20 70e0 	bic.w	r0, r0, r0, asr #31
   b44d0:	bd08      	pop	{r3, pc}

000b44d2 <_ZN11USARTSerial4peekEv>:

int USARTSerial::peek(void)
{
   b44d2:	b508      	push	{r3, lr}
  return std::max(-1, (int)hal_usart_peek(_serial));
   b44d4:	7c00      	ldrb	r0, [r0, #16]
   b44d6:	f7ff fe45 	bl	b4164 <hal_usart_peek>
}
   b44da:	ea40 70e0 	orr.w	r0, r0, r0, asr #31
   b44de:	bd08      	pop	{r3, pc}

000b44e0 <_ZN11USARTSerial4readEv>:

int USARTSerial::read(void)
{
   b44e0:	b508      	push	{r3, lr}
  return std::max(-1, (int)hal_usart_read(_serial));
   b44e2:	7c00      	ldrb	r0, [r0, #16]
   b44e4:	f7ff fe36 	bl	b4154 <hal_usart_read>
}
   b44e8:	ea40 70e0 	orr.w	r0, r0, r0, asr #31
   b44ec:	bd08      	pop	{r3, pc}

000b44ee <_ZN11USARTSerial5flushEv>:

void USARTSerial::flush()
{
  hal_usart_flush(_serial);
   b44ee:	7c00      	ldrb	r0, [r0, #16]
   b44f0:	f7ff be40 	b.w	b4174 <hal_usart_flush>

000b44f4 <_ZN11USARTSerial5writeEh>:
}

size_t USARTSerial::write(uint8_t c)
{
   b44f4:	b537      	push	{r0, r1, r2, r4, r5, lr}
  // attempt a write if blocking, or for non-blocking if there is room.
  if (_blocking || hal_usart_available_data_for_write(_serial) > 0) {
   b44f6:	7c45      	ldrb	r5, [r0, #17]
{
   b44f8:	4604      	mov	r4, r0
  if (_blocking || hal_usart_available_data_for_write(_serial) > 0) {
   b44fa:	b12d      	cbz	r5, b4508 <_ZN11USARTSerial5writeEh+0x14>
    // the HAL always blocks.
	  return hal_usart_write(_serial, c);
   b44fc:	7c20      	ldrb	r0, [r4, #16]
  }
  return 0;
}
   b44fe:	b003      	add	sp, #12
   b4500:	e8bd 4030 	ldmia.w	sp!, {r4, r5, lr}
	  return hal_usart_write(_serial, c);
   b4504:	f7ff be16 	b.w	b4134 <hal_usart_write>
  if (_blocking || hal_usart_available_data_for_write(_serial) > 0) {
   b4508:	7c00      	ldrb	r0, [r0, #16]
   b450a:	9101      	str	r1, [sp, #4]
   b450c:	f7ff fe3a 	bl	b4184 <hal_usart_available_data_for_write>
   b4510:	2800      	cmp	r0, #0
   b4512:	9901      	ldr	r1, [sp, #4]
   b4514:	dcf2      	bgt.n	b44fc <_ZN11USARTSerial5writeEh+0x8>
}
   b4516:	4628      	mov	r0, r5
   b4518:	b003      	add	sp, #12
   b451a:	bd30      	pop	{r4, r5, pc}

000b451c <_ZN11USARTSerialD0Ev>:
   b451c:	b510      	push	{r4, lr}
   b451e:	2114      	movs	r1, #20
   b4520:	4604      	mov	r4, r0
   b4522:	f7ff fdb8 	bl	b4096 <_ZdlPvj>
   b4526:	4620      	mov	r0, r4
   b4528:	bd10      	pop	{r4, pc}
	...

000b452c <_ZN11USARTSerialC1E21hal_usart_interface_tRK25hal_usart_buffer_config_t>:
USARTSerial::USARTSerial(hal_usart_interface_t serial, const hal_usart_buffer_config_t& config)
   b452c:	b510      	push	{r4, lr}
    virtual int available() = 0;
    virtual int read() = 0;
    virtual int peek() = 0;
    virtual void flush() = 0;

    Stream() {_timeout=1000;}
   b452e:	f44f 737a 	mov.w	r3, #1000	; 0x3e8
   b4532:	4604      	mov	r4, r0
   b4534:	4608      	mov	r0, r1
   b4536:	4611      	mov	r1, r2
   b4538:	2200      	movs	r2, #0
   b453a:	e9c4 2301 	strd	r2, r3, [r4, #4]
   b453e:	4b04      	ldr	r3, [pc, #16]	; (b4550 <_ZN11USARTSerialC1E21hal_usart_interface_tRK25hal_usart_buffer_config_t+0x24>)
   b4540:	6023      	str	r3, [r4, #0]
  _blocking = true;
   b4542:	2301      	movs	r3, #1
  _serial = serial;
   b4544:	7420      	strb	r0, [r4, #16]
  _blocking = true;
   b4546:	7463      	strb	r3, [r4, #17]
  hal_usart_init_ex(serial, &config, nullptr);
   b4548:	f7ff fe24 	bl	b4194 <hal_usart_init_ex>
}
   b454c:	4620      	mov	r0, r4
   b454e:	bd10      	pop	{r4, pc}
   b4550:	000b4cb0 	.word	0x000b4cb0

000b4554 <_ZN5spark13CellularClass5readyEv>:
        return network_listening(*this, 0, NULL);
    }

    bool ready()
    {
        return network_ready(*this, 0,  NULL);
   b4554:	2200      	movs	r2, #0
   b4556:	6840      	ldr	r0, [r0, #4]
   b4558:	4611      	mov	r1, r2
   b455a:	f7ff be73 	b.w	b4244 <network_ready>

000b455e <_ZN5spark13CellularClass9listeningEv>:
        return network_listening(*this, 0, NULL);
   b455e:	2200      	movs	r2, #0
   b4560:	6840      	ldr	r0, [r0, #4]
   b4562:	4611      	mov	r1, r2
   b4564:	f7ff be8e 	b.w	b4284 <network_listening>

000b4568 <_ZN5spark13CellularClass16getListenTimeoutEv>:
        return network_get_listen_timeout(*this, 0, NULL);
   b4568:	2200      	movs	r2, #0
   b456a:	6840      	ldr	r0, [r0, #4]
   b456c:	4611      	mov	r1, r2
   b456e:	f7ff be99 	b.w	b42a4 <network_get_listen_timeout>

000b4572 <_ZN5spark13CellularClass16setListenTimeoutEt>:
        network_set_listen_timeout(*this, timeout, NULL);
   b4572:	6840      	ldr	r0, [r0, #4]
   b4574:	2200      	movs	r2, #0
   b4576:	f7ff be8d 	b.w	b4294 <network_set_listen_timeout>

000b457a <_ZN5spark13CellularClass6listenEb>:
        network_listen(*this, begin ? 0 : 1, NULL);
   b457a:	6840      	ldr	r0, [r0, #4]
   b457c:	2200      	movs	r2, #0
   b457e:	f081 0101 	eor.w	r1, r1, #1
   b4582:	f7ff be77 	b.w	b4274 <network_listen>

000b4586 <_ZN5spark13CellularClass3offEv>:
        network_off(*this, 0, 0, NULL);
   b4586:	2300      	movs	r3, #0
   b4588:	6840      	ldr	r0, [r0, #4]
   b458a:	461a      	mov	r2, r3
   b458c:	4619      	mov	r1, r3
   b458e:	f7ff be69 	b.w	b4264 <network_off>

000b4592 <_ZN5spark13CellularClass2onEv>:
        network_on(*this, 0, 0, NULL);
   b4592:	2300      	movs	r3, #0
   b4594:	6840      	ldr	r0, [r0, #4]
   b4596:	461a      	mov	r2, r3
   b4598:	4619      	mov	r1, r3
   b459a:	f7ff be5b 	b.w	b4254 <network_on>

000b459e <_ZN5spark13CellularClass10connectingEv>:
        return network_connecting(*this, 0, NULL);
   b459e:	2200      	movs	r2, #0
   b45a0:	6840      	ldr	r0, [r0, #4]
   b45a2:	4611      	mov	r1, r2
   b45a4:	f7ff be3e 	b.w	b4224 <network_connecting>

000b45a8 <_ZN5spark13CellularClass10disconnectEv>:
        network_disconnect(*this, NETWORK_DISCONNECT_REASON_USER, NULL);
   b45a8:	6840      	ldr	r0, [r0, #4]
   b45aa:	2200      	movs	r2, #0
   b45ac:	2102      	movs	r1, #2
   b45ae:	f7ff be41 	b.w	b4234 <network_disconnect>

000b45b2 <_ZN5spark13CellularClass7connectEj>:
        network_connect(*this, flags, 0, NULL);
   b45b2:	2300      	movs	r3, #0
   b45b4:	6840      	ldr	r0, [r0, #4]
   b45b6:	461a      	mov	r2, r3
   b45b8:	f7ff be2c 	b.w	b4214 <network_connect>

000b45bc <_GLOBAL__sub_I__ZN5spark13CellularClass4RSSIEv>:
    int tx_total;
    int rx_total;

    CellularDataHal()
    {
        memset(this, 0, sizeof(*this));
   b45bc:	4b08      	ldr	r3, [pc, #32]	; (b45e0 <_GLOBAL__sub_I__ZN5spark13CellularClass4RSSIEv+0x24>)
        return (band_get.ok = true);
    }

    CellularClass Cellular;
    // NetworkClass& Network = Cellular;
}
   b45be:	b510      	push	{r4, lr}
   b45c0:	2428      	movs	r4, #40	; 0x28
   b45c2:	4622      	mov	r2, r4
   b45c4:	4618      	mov	r0, r3
   b45c6:	2100      	movs	r1, #0
   b45c8:	f000 faa2 	bl	b4b10 <memset>
   b45cc:	4b05      	ldr	r3, [pc, #20]	; (b45e4 <_GLOBAL__sub_I__ZN5spark13CellularClass4RSSIEv+0x28>)
        cid = -1;
        size = sizeof(*this);
   b45ce:	8004      	strh	r4, [r0, #0]
        cid = -1;
   b45d0:	f04f 32ff 	mov.w	r2, #4294967295	; 0xffffffff
   b45d4:	6042      	str	r2, [r0, #4]
   b45d6:	2204      	movs	r2, #4
   b45d8:	605a      	str	r2, [r3, #4]
            NetworkClass(NETWORK_INTERFACE_CELLULAR) {
   b45da:	4a03      	ldr	r2, [pc, #12]	; (b45e8 <_GLOBAL__sub_I__ZN5spark13CellularClass4RSSIEv+0x2c>)
   b45dc:	601a      	str	r2, [r3, #0]
   b45de:	bd10      	pop	{r4, pc}
   b45e0:	2003e6c4 	.word	0x2003e6c4
   b45e4:	2003e6bc 	.word	0x2003e6bc
   b45e8:	000b4ce0 	.word	0x000b4ce0

000b45ec <_ZN9USBSerial14blockOnOverrunEb>:
  HAL_USB_USART_Flush_Data(_serial);
}

void USBSerial::blockOnOverrun(bool block)
{
  _blocking = block;
   b45ec:	7441      	strb	r1, [r0, #17]
}
   b45ee:	4770      	bx	lr

000b45f0 <__tcf_0>:
}

USBSerial& _fetch_usbserial()
{
  HAL_USB_USART_Config conf = acquireSerialBuffer();
	static USBSerial _usbserial(HAL_USB_USART_SERIAL, conf);
   b45f0:	4770      	bx	lr

000b45f2 <_ZN9USBSerialD1Ev>:
#include "usb_hal.h"
#include "system_task.h"
#include "spark_wiring_startup.h"
#include "concurrent_hal.h"

class USBSerial : public Stream
   b45f2:	4770      	bx	lr

000b45f4 <_ZN9USBSerial4readEv>:
{
   b45f4:	b508      	push	{r3, lr}
	return std::max(-1, (int)HAL_USB_USART_Receive_Data(_serial, false));
   b45f6:	2100      	movs	r1, #0
   b45f8:	7c00      	ldrb	r0, [r0, #16]
   b45fa:	f7ff fd83 	bl	b4104 <HAL_USB_USART_Receive_Data>
}
   b45fe:	ea40 70e0 	orr.w	r0, r0, r0, asr #31
   b4602:	bd08      	pop	{r3, pc}

000b4604 <_ZN9USBSerial4peekEv>:
{
   b4604:	b508      	push	{r3, lr}
	return std::max(-1, (int)HAL_USB_USART_Receive_Data(_serial, true));
   b4606:	2101      	movs	r1, #1
   b4608:	7c00      	ldrb	r0, [r0, #16]
   b460a:	f7ff fd7b 	bl	b4104 <HAL_USB_USART_Receive_Data>
}
   b460e:	ea40 70e0 	orr.w	r0, r0, r0, asr #31
   b4612:	bd08      	pop	{r3, pc}

000b4614 <_ZN9USBSerial17availableForWriteEv>:
{
   b4614:	b508      	push	{r3, lr}
  return std::max(0, (int)HAL_USB_USART_Available_Data_For_Write(_serial));
   b4616:	7c00      	ldrb	r0, [r0, #16]
   b4618:	f7ff fd6c 	bl	b40f4 <HAL_USB_USART_Available_Data_For_Write>
}
   b461c:	ea20 70e0 	bic.w	r0, r0, r0, asr #31
   b4620:	bd08      	pop	{r3, pc}

000b4622 <_ZN9USBSerial9availableEv>:
{
   b4622:	b508      	push	{r3, lr}
	return std::max(0, (int)HAL_USB_USART_Available_Data(_serial));
   b4624:	7c00      	ldrb	r0, [r0, #16]
   b4626:	f7ff fd5d 	bl	b40e4 <HAL_USB_USART_Available_Data>
}
   b462a:	ea20 70e0 	bic.w	r0, r0, r0, asr #31
   b462e:	bd08      	pop	{r3, pc}

000b4630 <_ZN9USBSerial5writeEh>:
{
   b4630:	b513      	push	{r0, r1, r4, lr}
   b4632:	4604      	mov	r4, r0
  if (HAL_USB_USART_Available_Data_For_Write(_serial) > 0 || _blocking) {
   b4634:	7c00      	ldrb	r0, [r0, #16]
{
   b4636:	9101      	str	r1, [sp, #4]
  if (HAL_USB_USART_Available_Data_For_Write(_serial) > 0 || _blocking) {
   b4638:	f7ff fd5c 	bl	b40f4 <HAL_USB_USART_Available_Data_For_Write>
   b463c:	2800      	cmp	r0, #0
   b463e:	9901      	ldr	r1, [sp, #4]
   b4640:	dc01      	bgt.n	b4646 <_ZN9USBSerial5writeEh+0x16>
   b4642:	7c60      	ldrb	r0, [r4, #17]
   b4644:	b120      	cbz	r0, b4650 <_ZN9USBSerial5writeEh+0x20>
    return std::max(0, (int)HAL_USB_USART_Send_Data(_serial, byte));
   b4646:	7c20      	ldrb	r0, [r4, #16]
   b4648:	f7ff fd64 	bl	b4114 <HAL_USB_USART_Send_Data>
   b464c:	ea20 70e0 	bic.w	r0, r0, r0, asr #31
}
   b4650:	b002      	add	sp, #8
   b4652:	bd10      	pop	{r4, pc}

000b4654 <_ZN9USBSerial5flushEv>:
  HAL_USB_USART_Flush_Data(_serial);
   b4654:	7c00      	ldrb	r0, [r0, #16]
   b4656:	f7ff bd65 	b.w	b4124 <HAL_USB_USART_Flush_Data>

000b465a <_ZN9USBSerialD0Ev>:
   b465a:	b510      	push	{r4, lr}
   b465c:	2114      	movs	r1, #20
   b465e:	4604      	mov	r4, r0
   b4660:	f7ff fd19 	bl	b4096 <_ZdlPvj>
   b4664:	4620      	mov	r0, r4
   b4666:	bd10      	pop	{r4, pc}

000b4668 <_ZN9USBSerialC1E20HAL_USB_USART_SerialRK20HAL_USB_USART_Config>:
USBSerial::USBSerial(HAL_USB_USART_Serial serial, const HAL_USB_USART_Config& conf)
   b4668:	b510      	push	{r4, lr}
   b466a:	f44f 737a 	mov.w	r3, #1000	; 0x3e8
   b466e:	4604      	mov	r4, r0
   b4670:	4608      	mov	r0, r1
   b4672:	2100      	movs	r1, #0
   b4674:	e9c4 1301 	strd	r1, r3, [r4, #4]
   b4678:	4b04      	ldr	r3, [pc, #16]	; (b468c <_ZN9USBSerialC1E20HAL_USB_USART_SerialRK20HAL_USB_USART_Config+0x24>)
   b467a:	6023      	str	r3, [r4, #0]
  _blocking = true;
   b467c:	2301      	movs	r3, #1
  _serial = serial;
   b467e:	7420      	strb	r0, [r4, #16]
  _blocking = true;
   b4680:	7463      	strb	r3, [r4, #17]
  HAL_USB_USART_Init(_serial, &conf);
   b4682:	4611      	mov	r1, r2
   b4684:	f7ff fd26 	bl	b40d4 <HAL_USB_USART_Init>
}
   b4688:	4620      	mov	r0, r4
   b468a:	bd10      	pop	{r4, pc}
   b468c:	000b4d1c 	.word	0x000b4d1c

000b4690 <_Z19acquireSerialBufferv>:
{
   b4690:	b510      	push	{r4, lr}
  HAL_USB_USART_Config conf = {};
   b4692:	2214      	movs	r2, #20
{
   b4694:	4604      	mov	r4, r0
  HAL_USB_USART_Config conf = {};
   b4696:	2100      	movs	r1, #0
   b4698:	f000 fa3a 	bl	b4b10 <memset>
}
   b469c:	4620      	mov	r0, r4
   b469e:	bd10      	pop	{r4, pc}

000b46a0 <_Z16_fetch_usbserialv>:
{
   b46a0:	b510      	push	{r4, lr}
	static USBSerial _usbserial(HAL_USB_USART_SERIAL, conf);
   b46a2:	4c0f      	ldr	r4, [pc, #60]	; (b46e0 <_Z16_fetch_usbserialv+0x40>)
{
   b46a4:	b088      	sub	sp, #32
  HAL_USB_USART_Config conf = acquireSerialBuffer();
   b46a6:	a803      	add	r0, sp, #12
   b46a8:	f7ff fff2 	bl	b4690 <_Z19acquireSerialBufferv>
	static USBSerial _usbserial(HAL_USB_USART_SERIAL, conf);
   b46ac:	7821      	ldrb	r1, [r4, #0]
   b46ae:	f3bf 8f5b 	dmb	ish
   b46b2:	f011 0101 	ands.w	r1, r1, #1
   b46b6:	d10f      	bne.n	b46d8 <_Z16_fetch_usbserialv+0x38>
   b46b8:	4620      	mov	r0, r4
   b46ba:	9101      	str	r1, [sp, #4]
   b46bc:	f7ff fced 	bl	b409a <__cxa_guard_acquire>
   b46c0:	9901      	ldr	r1, [sp, #4]
   b46c2:	b148      	cbz	r0, b46d8 <_Z16_fetch_usbserialv+0x38>
   b46c4:	aa03      	add	r2, sp, #12
   b46c6:	4807      	ldr	r0, [pc, #28]	; (b46e4 <_Z16_fetch_usbserialv+0x44>)
   b46c8:	f7ff ffce 	bl	b4668 <_ZN9USBSerialC1E20HAL_USB_USART_SerialRK20HAL_USB_USART_Config>
   b46cc:	4620      	mov	r0, r4
   b46ce:	f7ff fce9 	bl	b40a4 <__cxa_guard_release>
   b46d2:	4805      	ldr	r0, [pc, #20]	; (b46e8 <_Z16_fetch_usbserialv+0x48>)
   b46d4:	f000 fa08 	bl	b4ae8 <atexit>
	return _usbserial;
}
   b46d8:	4802      	ldr	r0, [pc, #8]	; (b46e4 <_Z16_fetch_usbserialv+0x44>)
   b46da:	b008      	add	sp, #32
   b46dc:	bd10      	pop	{r4, pc}
   b46de:	bf00      	nop
   b46e0:	2003e6ec 	.word	0x2003e6ec
   b46e4:	2003e6f0 	.word	0x2003e6f0
   b46e8:	000b45f1 	.word	0x000b45f1

000b46ec <_ZN9IPAddressD1Ev>:
    virtual ~IPAddress() {}
   b46ec:	4770      	bx	lr

000b46ee <_ZN9IPAddressD0Ev>:
   b46ee:	b510      	push	{r4, lr}
   b46f0:	2118      	movs	r1, #24
   b46f2:	4604      	mov	r4, r0
   b46f4:	f7ff fccf 	bl	b4096 <_ZdlPvj>
   b46f8:	4620      	mov	r0, r4
   b46fa:	bd10      	pop	{r4, pc}

000b46fc <_ZNK9IPAddress7printToER5Print>:
#endif // Wiring_IPv6
	return address.ipv4==that.address.ipv4;
}

size_t IPAddress::printTo(Print& p) const
{
   b46fc:	b5f0      	push	{r4, r5, r6, r7, lr}
#if Wiring_IPv6
#if HAL_USE_INET_HAL_POSIX
	if (address.v==6) {
   b46fe:	7d03      	ldrb	r3, [r0, #20]
   b4700:	2b06      	cmp	r3, #6
{
   b4702:	b08d      	sub	sp, #52	; 0x34
   b4704:	460e      	mov	r6, r1
		char buf[INET6_ADDRSTRLEN+1];
		buf[0] = 0;
		inet_inet_ntop(AF_INET6, address.ipv6, buf, sizeof(buf));
   b4706:	f100 0704 	add.w	r7, r0, #4
   b470a:	f04f 0400 	mov.w	r4, #0
	if (address.v==6) {
   b470e:	d012      	beq.n	b4736 <_ZNK9IPAddress7printToER5Print+0x3a>
   b4710:	f100 0508 	add.w	r5, r0, #8
            val = n;
        }
#if __GNUC__ >= 9
#pragma GCC diagnostic pop
#endif // __GNUC__ >= 9
        return printNumber(val, base) + t;
   b4714:	f815 1d01 	ldrb.w	r1, [r5, #-1]!
   b4718:	220a      	movs	r2, #10
   b471a:	4630      	mov	r0, r6
   b471c:	f000 f92b 	bl	b4976 <_ZN5Print11printNumberEmh>
#else
#pragma message "HAL_USE_INET_HAL_POSIX is required for IPv6 support in IPAddress::printTo()"
#endif // HAL_USE_INET_HAL_POSIX
#endif // Wiring_IPv6
    size_t n = 0;
    for (int i = 0; i < 4; i++)
   b4720:	42af      	cmp	r7, r5
    {
        if (n)
            n += p.print('.');
        n += p.print((*this)[i], DEC);
   b4722:	4404      	add	r4, r0
    for (int i = 0; i < 4; i++)
   b4724:	d019      	beq.n	b475a <_ZNK9IPAddress7printToER5Print+0x5e>
        if (n)
   b4726:	2c00      	cmp	r4, #0
   b4728:	d0f4      	beq.n	b4714 <_ZNK9IPAddress7printToER5Print+0x18>
            n += p.print('.');
   b472a:	212e      	movs	r1, #46	; 0x2e
   b472c:	4630      	mov	r0, r6
   b472e:	f000 f91f 	bl	b4970 <_ZN5Print5printEc>
   b4732:	4404      	add	r4, r0
   b4734:	e7ee      	b.n	b4714 <_ZNK9IPAddress7printToER5Print+0x18>
		inet_inet_ntop(AF_INET6, address.ipv6, buf, sizeof(buf));
   b4736:	232f      	movs	r3, #47	; 0x2f
   b4738:	466a      	mov	r2, sp
   b473a:	4639      	mov	r1, r7
   b473c:	200a      	movs	r0, #10
		buf[0] = 0;
   b473e:	f88d 4000 	strb.w	r4, [sp]
		inet_inet_ntop(AF_INET6, address.ipv6, buf, sizeof(buf));
   b4742:	f7ff fd2f 	bl	b41a4 <inet_inet_ntop>
      return write((const uint8_t *)str, strlen(str));
   b4746:	4668      	mov	r0, sp
   b4748:	f000 fa18 	bl	b4b7c <strlen>
   b474c:	6833      	ldr	r3, [r6, #0]
   b474e:	4602      	mov	r2, r0
   b4750:	68db      	ldr	r3, [r3, #12]
   b4752:	4669      	mov	r1, sp
   b4754:	4630      	mov	r0, r6
   b4756:	4798      	blx	r3
   b4758:	4604      	mov	r4, r0
    }
    return n;
}
   b475a:	4620      	mov	r0, r4
   b475c:	b00d      	add	sp, #52	; 0x34
   b475e:	bdf0      	pop	{r4, r5, r6, r7, pc}

000b4760 <_ZN9IPAddressC1Ev>:
IPAddress::IPAddress()
   b4760:	b510      	push	{r4, lr}
   b4762:	4b05      	ldr	r3, [pc, #20]	; (b4778 <_ZN9IPAddressC1Ev+0x18>)
   b4764:	4604      	mov	r4, r0
        return address;
    }

    virtual size_t printTo(Print& p) const;

    void clear() { memset(&address, 0, sizeof (address)); }
   b4766:	2211      	movs	r2, #17
   b4768:	f840 3b04 	str.w	r3, [r0], #4
   b476c:	2100      	movs	r1, #0
   b476e:	f000 f9cf 	bl	b4b10 <memset>
}
   b4772:	4620      	mov	r0, r4
   b4774:	bd10      	pop	{r4, pc}
   b4776:	bf00      	nop
   b4778:	000b4d4c 	.word	0x000b4d4c

000b477c <_ZN9IPAddressC1ERK16_HAL_IPAddress_t>:
IPAddress::IPAddress(const HAL_IPAddress& address)
   b477c:	4603      	mov	r3, r0
   b477e:	4a07      	ldr	r2, [pc, #28]	; (b479c <_ZN9IPAddressC1ERK16_HAL_IPAddress_t+0x20>)
   b4780:	b510      	push	{r4, lr}
   b4782:	f843 2b04 	str.w	r2, [r3], #4
    memcpy(&this->address, &address, sizeof(address));
   b4786:	f101 0210 	add.w	r2, r1, #16
   b478a:	f851 4b04 	ldr.w	r4, [r1], #4
   b478e:	f843 4b04 	str.w	r4, [r3], #4
   b4792:	4291      	cmp	r1, r2
   b4794:	d1f9      	bne.n	b478a <_ZN9IPAddressC1ERK16_HAL_IPAddress_t+0xe>
   b4796:	780a      	ldrb	r2, [r1, #0]
   b4798:	701a      	strb	r2, [r3, #0]
}
   b479a:	bd10      	pop	{r4, pc}
   b479c:	000b4d4c 	.word	0x000b4d4c

000b47a0 <_ZN9IPAddress8set_ipv4Ehhhh>:
{
   b47a0:	b510      	push	{r4, lr}
    address.ipv4 = b0<<24 | b1 << 16 | b2 << 8 | b3;
   b47a2:	f89d 4008 	ldrb.w	r4, [sp, #8]
   b47a6:	ea44 2303 	orr.w	r3, r4, r3, lsl #8
   b47aa:	ea43 4202 	orr.w	r2, r3, r2, lsl #16
   b47ae:	ea42 6101 	orr.w	r1, r2, r1, lsl #24
        address.v = version;
   b47b2:	2304      	movs	r3, #4
   b47b4:	6041      	str	r1, [r0, #4]
   b47b6:	7503      	strb	r3, [r0, #20]
}
   b47b8:	bd10      	pop	{r4, pc}
	...

000b47bc <_ZN9IPAddressC1EPKh>:
IPAddress::IPAddress(const uint8_t* addr)
   b47bc:	b507      	push	{r0, r1, r2, lr}
   b47be:	4b06      	ldr	r3, [pc, #24]	; (b47d8 <_ZN9IPAddressC1EPKh+0x1c>)
   b47c0:	6003      	str	r3, [r0, #0]
    set_ipv4(addr[0], addr[1], addr[2], addr[3]);
   b47c2:	78cb      	ldrb	r3, [r1, #3]
   b47c4:	9300      	str	r3, [sp, #0]
   b47c6:	788b      	ldrb	r3, [r1, #2]
   b47c8:	784a      	ldrb	r2, [r1, #1]
   b47ca:	7809      	ldrb	r1, [r1, #0]
   b47cc:	f7ff ffe8 	bl	b47a0 <_ZN9IPAddress8set_ipv4Ehhhh>
}
   b47d0:	b003      	add	sp, #12
   b47d2:	f85d fb04 	ldr.w	pc, [sp], #4
   b47d6:	bf00      	nop
   b47d8:	000b4d4c 	.word	0x000b4d4c

000b47dc <_ZZ21module_user_init_hookENUlP6_reentjmPvE_4_FUNES0_jmS1_>:

void module_user_init_hook()
{
#if HAL_PLATFORM_NEWLIB
    newlib_impure_ptr_callback([](struct _reent* r, size_t size, uint32_t version, void* ctx) -> void {
        _impure_ptr = r;
   b47dc:	4b01      	ldr	r3, [pc, #4]	; (b47e4 <_ZZ21module_user_init_hookENUlP6_reentjmPvE_4_FUNES0_jmS1_+0x8>)
   b47de:	6018      	str	r0, [r3, #0]
    }, nullptr);
   b47e0:	4770      	bx	lr
   b47e2:	bf00      	nop
   b47e4:	2003e64c 	.word	0x2003e64c

000b47e8 <serialEventRun>:
{
   b47e8:	b508      	push	{r3, lr}
    if (serialEvent && Serial.available()>0)
   b47ea:	4b0b      	ldr	r3, [pc, #44]	; (b4818 <serialEventRun+0x30>)
   b47ec:	b143      	cbz	r3, b4800 <serialEventRun+0x18>
   b47ee:	f7ff ff57 	bl	b46a0 <_Z16_fetch_usbserialv>
   b47f2:	6803      	ldr	r3, [r0, #0]
   b47f4:	691b      	ldr	r3, [r3, #16]
   b47f6:	4798      	blx	r3
   b47f8:	2800      	cmp	r0, #0
   b47fa:	dd01      	ble.n	b4800 <serialEventRun+0x18>
        serialEvent();
   b47fc:	f3af 8000 	nop.w
    if (serialEvent1 && Serial1.available()>0)
   b4800:	4b06      	ldr	r3, [pc, #24]	; (b481c <serialEventRun+0x34>)
   b4802:	b143      	cbz	r3, b4816 <serialEventRun+0x2e>
   b4804:	f000 f94a 	bl	b4a9c <_Z22__fetch_global_Serial1v>
   b4808:	6803      	ldr	r3, [r0, #0]
   b480a:	691b      	ldr	r3, [r3, #16]
   b480c:	4798      	blx	r3
   b480e:	2800      	cmp	r0, #0
   b4810:	dd01      	ble.n	b4816 <serialEventRun+0x2e>
        serialEvent1();
   b4812:	f3af 8000 	nop.w
}
   b4816:	bd08      	pop	{r3, pc}
	...

000b4820 <_post_loop>:
{
   b4820:	b508      	push	{r3, lr}
	serialEventRun();
   b4822:	f7ff ffe1 	bl	b47e8 <serialEventRun>
		return !timeout_fn;
	}

	static inline system_tick_t current_time()
	{
		return HAL_Timer_Get_Milli_Seconds();
   b4826:	f7ff fcd5 	bl	b41d4 <HAL_Timer_Get_Milli_Seconds>
	/**
	 * Lifesign that the application is still working normally.
	 */
	static void checkin()
	{
		last_checkin = current_time();
   b482a:	4b01      	ldr	r3, [pc, #4]	; (b4830 <_post_loop+0x10>)
   b482c:	6018      	str	r0, [r3, #0]
}
   b482e:	bd08      	pop	{r3, pc}
   b4830:	2003e740 	.word	0x2003e740

000b4834 <_Z33system_initialize_user_backup_ramv>:
    memcpy(&link_global_retained_start, &link_global_retained_initial_values, len);
   b4834:	4805      	ldr	r0, [pc, #20]	; (b484c <_Z33system_initialize_user_backup_ramv+0x18>)
   b4836:	4a06      	ldr	r2, [pc, #24]	; (b4850 <_Z33system_initialize_user_backup_ramv+0x1c>)
   b4838:	4906      	ldr	r1, [pc, #24]	; (b4854 <_Z33system_initialize_user_backup_ramv+0x20>)
{
   b483a:	b508      	push	{r3, lr}
    memcpy(&link_global_retained_start, &link_global_retained_initial_values, len);
   b483c:	1a12      	subs	r2, r2, r0
   b483e:	f000 f959 	bl	b4af4 <memcpy>
    __backup_sram_signature = signature;
   b4842:	4b05      	ldr	r3, [pc, #20]	; (b4858 <_Z33system_initialize_user_backup_ramv+0x24>)
   b4844:	4a05      	ldr	r2, [pc, #20]	; (b485c <_Z33system_initialize_user_backup_ramv+0x28>)
   b4846:	601a      	str	r2, [r3, #0]
}
   b4848:	bd08      	pop	{r3, pc}
   b484a:	bf00      	nop
   b484c:	2003f400 	.word	0x2003f400
   b4850:	2003f404 	.word	0x2003f404
   b4854:	000b4e94 	.word	0x000b4e94
   b4858:	2003f400 	.word	0x2003f400
   b485c:	9a271c1e 	.word	0x9a271c1e

000b4860 <_Z27ctrl_request_custom_handlerP12ctrl_request>:
void __attribute((weak)) ctrl_request_custom_handler(ctrl_request* req) {
   b4860:	b507      	push	{r0, r1, r2, lr}
    system_ctrl_set_result(req, SYSTEM_ERROR_NOT_SUPPORTED, nullptr, nullptr, nullptr);
   b4862:	2300      	movs	r3, #0
   b4864:	9300      	str	r3, [sp, #0]
   b4866:	461a      	mov	r2, r3
   b4868:	f06f 0177 	mvn.w	r1, #119	; 0x77
   b486c:	f7ff fd44 	bl	b42f8 <system_ctrl_set_result>
}
   b4870:	b003      	add	sp, #12
   b4872:	f85d fb04 	ldr.w	pc, [sp], #4
	...

000b4878 <_ZL20ctrl_request_handlerP12ctrl_request>:
static void ctrl_request_handler(ctrl_request* req) {
   b4878:	b507      	push	{r0, r1, r2, lr}
    switch (req->type) {
   b487a:	8843      	ldrh	r3, [r0, #2]
   b487c:	2b0a      	cmp	r3, #10
   b487e:	d008      	beq.n	b4892 <_ZL20ctrl_request_handlerP12ctrl_request+0x1a>
   b4880:	2b50      	cmp	r3, #80	; 0x50
   b4882:	d10b      	bne.n	b489c <_ZL20ctrl_request_handlerP12ctrl_request+0x24>
        if (log_process_ctrl_request_callback) {
   b4884:	4b09      	ldr	r3, [pc, #36]	; (b48ac <_ZL20ctrl_request_handlerP12ctrl_request+0x34>)
   b4886:	681b      	ldr	r3, [r3, #0]
   b4888:	b14b      	cbz	r3, b489e <_ZL20ctrl_request_handlerP12ctrl_request+0x26>
}
   b488a:	b003      	add	sp, #12
   b488c:	f85d eb04 	ldr.w	lr, [sp], #4
            log_process_ctrl_request_callback(req);
   b4890:	4718      	bx	r3
        ctrl_request_custom_handler(req);
   b4892:	f7ff ffe5 	bl	b4860 <_Z27ctrl_request_custom_handlerP12ctrl_request>
}
   b4896:	b003      	add	sp, #12
   b4898:	f85d fb04 	ldr.w	pc, [sp], #4
        system_ctrl_set_result(req, SYSTEM_ERROR_NOT_SUPPORTED, nullptr, nullptr, nullptr);
   b489c:	2300      	movs	r3, #0
   b489e:	9300      	str	r3, [sp, #0]
   b48a0:	461a      	mov	r2, r3
   b48a2:	f06f 0177 	mvn.w	r1, #119	; 0x77
   b48a6:	f7ff fd27 	bl	b42f8 <system_ctrl_set_result>
}
   b48aa:	e7f4      	b.n	b4896 <_ZL20ctrl_request_handlerP12ctrl_request+0x1e>
   b48ac:	2003e708 	.word	0x2003e708

000b48b0 <module_user_init_hook>:
{
   b48b0:	b510      	push	{r4, lr}
    newlib_impure_ptr_callback([](struct _reent* r, size_t size, uint32_t version, void* ctx) -> void {
   b48b2:	4812      	ldr	r0, [pc, #72]	; (b48fc <module_user_init_hook+0x4c>)
   b48b4:	2100      	movs	r1, #0
   b48b6:	f7ff fd41 	bl	b433c <newlib_impure_ptr_callback>
#endif // HAL_PLATFORM_NEWLIB

#if HAL_PLATFORM_BACKUP_RAM
    backup_ram_was_valid_ = __backup_sram_signature == signature;
   b48ba:	4b11      	ldr	r3, [pc, #68]	; (b4900 <module_user_init_hook+0x50>)
   b48bc:	681a      	ldr	r2, [r3, #0]
   b48be:	4b11      	ldr	r3, [pc, #68]	; (b4904 <module_user_init_hook+0x54>)
   b48c0:	429a      	cmp	r2, r3
   b48c2:	4b11      	ldr	r3, [pc, #68]	; (b4908 <module_user_init_hook+0x58>)
   b48c4:	bf0c      	ite	eq
   b48c6:	2201      	moveq	r2, #1
   b48c8:	2200      	movne	r2, #0
   b48ca:	701a      	strb	r2, [r3, #0]
    if (!backup_ram_was_valid_) {
   b48cc:	d001      	beq.n	b48d2 <module_user_init_hook+0x22>
        system_initialize_user_backup_ram();
   b48ce:	f7ff ffb1 	bl	b4834 <_Z33system_initialize_user_backup_ramv>
    }
#endif

#if HAL_PLATFORM_RNG
    // Initialize the default stdlib PRNG using hardware RNG as a seed
    const uint32_t seed = HAL_RNG_GetRandomNumber();
   b48d2:	f7ff fc77 	bl	b41c4 <HAL_RNG_GetRandomNumber>
   b48d6:	4604      	mov	r4, r0
    srand(seed);
   b48d8:	f000 f922 	bl	b4b20 <srand>

    // If the user defines random_seed_from_cloud, call it with a seed value
    // generated by a hardware RNG as well.
    if (random_seed_from_cloud) {
   b48dc:	4b0b      	ldr	r3, [pc, #44]	; (b490c <module_user_init_hook+0x5c>)
   b48de:	b113      	cbz	r3, b48e6 <module_user_init_hook+0x36>
        random_seed_from_cloud(seed);
   b48e0:	4620      	mov	r0, r4
   b48e2:	f3af 8000 	nop.w
    }
#endif
    // Register the random_seed_from_cloud handler
    spark_set_random_seed_from_cloud_handler(&random_seed_from_cloud, nullptr);
   b48e6:	2100      	movs	r1, #0
   b48e8:	4808      	ldr	r0, [pc, #32]	; (b490c <module_user_init_hook+0x5c>)
   b48ea:	f7ff fc8b 	bl	b4204 <spark_set_random_seed_from_cloud_handler>

    // Register application handler for the control requests
    system_ctrl_set_app_request_handler(ctrl_request_handler, nullptr);
}
   b48ee:	e8bd 4010 	ldmia.w	sp!, {r4, lr}
    system_ctrl_set_app_request_handler(ctrl_request_handler, nullptr);
   b48f2:	4807      	ldr	r0, [pc, #28]	; (b4910 <module_user_init_hook+0x60>)
   b48f4:	2100      	movs	r1, #0
   b48f6:	f7ff bcf5 	b.w	b42e4 <system_ctrl_set_app_request_handler>
   b48fa:	bf00      	nop
   b48fc:	000b47dd 	.word	0x000b47dd
   b4900:	2003f400 	.word	0x2003f400
   b4904:	9a271c1e 	.word	0x9a271c1e
   b4908:	2003e704 	.word	0x2003e704
   b490c:	00000000 	.word	0x00000000
   b4910:	000b4879 	.word	0x000b4879

000b4914 <_GLOBAL__sub_I_RGB>:
	static void
	_M_init_functor(_Any_data& __functor, _Functor&& __f, false_type)
	{ __functor._M_access<_Functor*>() = new _Functor(std::move(__f)); }
      };

    _Function_base() : _M_manager(nullptr) { }
   b4914:	4b01      	ldr	r3, [pc, #4]	; (b491c <_GLOBAL__sub_I_RGB+0x8>)
   b4916:	2200      	movs	r2, #0
   b4918:	609a      	str	r2, [r3, #8]
{
    RGBClass* const d = static_cast<RGBClass*>(data);
    if (d->changeHandler_) {
        d->changeHandler_(r, g, b);
    }
}
   b491a:	4770      	bx	lr
   b491c:	2003e70c 	.word	0x2003e70c

000b4920 <_GLOBAL__sub_I_TIME_FORMAT_DEFAULT>:
            calendar_time_cache = Convert_UnixTime_To_CalendarTime(unix_time);
            unix_time_cache = unix_time;
    }
}

const char* TimeClass::format_spec = TIME_FORMAT_DEFAULT;
   b4920:	4b02      	ldr	r3, [pc, #8]	; (b492c <_GLOBAL__sub_I_TIME_FORMAT_DEFAULT+0xc>)
   b4922:	681a      	ldr	r2, [r3, #0]
   b4924:	4b02      	ldr	r3, [pc, #8]	; (b4930 <_GLOBAL__sub_I_TIME_FORMAT_DEFAULT+0x10>)
   b4926:	601a      	str	r2, [r3, #0]
{
  return isValid();
}


TimeClass Time;
   b4928:	4770      	bx	lr
   b492a:	bf00      	nop
   b492c:	2003e648 	.word	0x2003e648
   b4930:	2003e71c 	.word	0x2003e71c

000b4934 <_GLOBAL__sub_I__ZN5spark3LogE>:
    // This handler doesn't support direct logging
}

// spark::Logger
inline spark::Logger::Logger(const char *name) :
        name_(name) {
   b4934:	4b01      	ldr	r3, [pc, #4]	; (b493c <_GLOBAL__sub_I__ZN5spark3LogE+0x8>)
   b4936:	4a02      	ldr	r2, [pc, #8]	; (b4940 <_GLOBAL__sub_I__ZN5spark3LogE+0xc>)
   b4938:	601a      	str	r2, [r3, #0]
#if Wiring_LogConfig

// spark::
void spark::logProcessControlRequest(ctrl_request* req) {
    JSONRequestHandler::process(req);
}
   b493a:	4770      	bx	lr
   b493c:	2003e720 	.word	0x2003e720
   b4940:	000b4d74 	.word	0x000b4d74

000b4944 <_ZN5Print5writeEPKhj>:

// Public Methods //////////////////////////////////////////////////////////////

/* default implementation: may be overridden */
size_t Print::write(const uint8_t *buffer, size_t size)
{
   b4944:	b5f8      	push	{r3, r4, r5, r6, r7, lr}
   b4946:	4606      	mov	r6, r0
   b4948:	460d      	mov	r5, r1
  size_t n = 0;
   b494a:	188f      	adds	r7, r1, r2
   b494c:	2400      	movs	r4, #0
  while (size--) {
   b494e:	42bd      	cmp	r5, r7
   b4950:	d00c      	beq.n	b496c <_ZN5Print5writeEPKhj+0x28>
     int chunk = write(*buffer++);
   b4952:	6833      	ldr	r3, [r6, #0]
   b4954:	f815 1b01 	ldrb.w	r1, [r5], #1
   b4958:	689b      	ldr	r3, [r3, #8]
   b495a:	4630      	mov	r0, r6
   b495c:	4798      	blx	r3
     if (chunk>=0)
   b495e:	1e03      	subs	r3, r0, #0
   b4960:	db01      	blt.n	b4966 <_ZN5Print5writeEPKhj+0x22>
         n += chunk;
   b4962:	441c      	add	r4, r3
  while (size--) {
   b4964:	e7f3      	b.n	b494e <_ZN5Print5writeEPKhj+0xa>
     int chunk = write(*buffer++);
   b4966:	2c00      	cmp	r4, #0
   b4968:	bf08      	it	eq
   b496a:	461c      	moveq	r4, r3
             n = chunk;
         break;
     }
  }
  return n;
}
   b496c:	4620      	mov	r0, r4
   b496e:	bdf8      	pop	{r3, r4, r5, r6, r7, pc}

000b4970 <_ZN5Print5printEc>:
  return write(str);
}

size_t Print::print(char c)
{
  return write(c);
   b4970:	6803      	ldr	r3, [r0, #0]
   b4972:	689b      	ldr	r3, [r3, #8]
   b4974:	4718      	bx	r3

000b4976 <_ZN5Print11printNumberEmh>:
  return println(reinterpret_cast<const char*>(str));
}

// Private Methods /////////////////////////////////////////////////////////////

size_t Print::printNumber(unsigned long n, uint8_t base) {
   b4976:	b530      	push	{r4, r5, lr}
   b4978:	b08b      	sub	sp, #44	; 0x2c
  char buf[8 * sizeof(n) + 1]; // Assumes 8-bit chars plus zero byte.
  char *str = &buf[sizeof(buf) - 1];

  *str = '\0';
   b497a:	2300      	movs	r3, #0

  // prevent crash if called with base == 1
  if (base < 2) base = 10;
   b497c:	2a01      	cmp	r2, #1
  *str = '\0';
   b497e:	f88d 3024 	strb.w	r3, [sp, #36]	; 0x24
  if (base < 2) base = 10;
   b4982:	bf98      	it	ls
   b4984:	220a      	movls	r2, #10
   b4986:	ac09      	add	r4, sp, #36	; 0x24

  do {
   decltype(n) m = n;
   n /= base;
   b4988:	460d      	mov	r5, r1
   b498a:	fbb1 f1f2 	udiv	r1, r1, r2
   char c = m - base * n;
   b498e:	fb01 5312 	mls	r3, r1, r2, r5
   b4992:	f003 03ff 	and.w	r3, r3, #255	; 0xff
   *--str = c < 10 ? c + '0' : c + 'A' - 10;
   b4996:	2b09      	cmp	r3, #9
   b4998:	bf94      	ite	ls
   b499a:	3330      	addls	r3, #48	; 0x30
   b499c:	3337      	addhi	r3, #55	; 0x37
   b499e:	b2db      	uxtb	r3, r3
  } while(n);
   b49a0:	42aa      	cmp	r2, r5
   *--str = c < 10 ? c + '0' : c + 'A' - 10;
   b49a2:	f804 3d01 	strb.w	r3, [r4, #-1]!
  } while(n);
   b49a6:	d9ef      	bls.n	b4988 <_ZN5Print11printNumberEmh+0x12>

  return write(str);
   b49a8:	4621      	mov	r1, r4
   b49aa:	f7ff fb80 	bl	b40ae <_ZN5Print5writeEPKc>
}
   b49ae:	b00b      	add	sp, #44	; 0x2c
   b49b0:	bd30      	pop	{r4, r5, pc}
	...

000b49b4 <_GLOBAL__sub_I__ZN8particle3ble13WiringBleLock6mutex_E>:
    /**
     * Creates a shared mutex.
     */
    RecursiveMutex(os_mutex_recursive_t handle) : handle_(handle) {}

    RecursiveMutex() : handle_(nullptr)
   b49b4:	4802      	ldr	r0, [pc, #8]	; (b49c0 <_GLOBAL__sub_I__ZN8particle3ble13WiringBleLock6mutex_E+0xc>)
   b49b6:	2300      	movs	r3, #0
   b49b8:	6003      	str	r3, [r0, #0]
    {
        os_mutex_recursive_create(&handle_);
   b49ba:	f7ff bbfb 	b.w	b41b4 <os_mutex_recursive_create>
   b49be:	bf00      	nop
   b49c0:	2003e724 	.word	0x2003e724

000b49c4 <_GLOBAL__sub_I_System>:
} // namespace particle

// particle::Flag<TagT, ValueT>
template<typename TagT, typename ValueT>
inline particle::Flag<TagT, ValueT>::Flag(ValueT val) :
        val_(val) {
   b49c4:	4b05      	ldr	r3, [pc, #20]	; (b49dc <_GLOBAL__sub_I_System+0x18>)
   b49c6:	2202      	movs	r2, #2
   b49c8:	601a      	str	r2, [r3, #0]

class SystemSleepResult {
public:
    SystemSleepResult()
            : wakeupSource_(nullptr),
              error_(SYSTEM_ERROR_NONE) {
   b49ca:	4b05      	ldr	r3, [pc, #20]	; (b49e0 <_GLOBAL__sub_I_System+0x1c>)
    SleepResult() {}
   b49cc:	4a05      	ldr	r2, [pc, #20]	; (b49e4 <_GLOBAL__sub_I_System+0x20>)
   b49ce:	609a      	str	r2, [r3, #8]
              error_(SYSTEM_ERROR_NONE) {
   b49d0:	2000      	movs	r0, #0
   b49d2:	e9c3 0000 	strd	r0, r0, [r3]

class SystemClass {
public:

    SystemClass(System_Mode_TypeDef mode = DEFAULT) {
        set_system_mode(mode);
   b49d6:	f7ff bc7d 	b.w	b42d4 <set_system_mode>
   b49da:	bf00      	nop
   b49dc:	2003e734 	.word	0x2003e734
   b49e0:	2003e728 	.word	0x2003e728
   b49e4:	ffff0000 	.word	0xffff0000

000b49e8 <_ZN5spark13EthernetClass9listeningEv>:
    uint16_t getListenTimeout(void) {
        return network_get_listen_timeout(*this, 0, NULL);
    }

    bool listening(void) {
        return network_listening(*this, 0, NULL);
   b49e8:	2200      	movs	r2, #0
   b49ea:	6840      	ldr	r0, [r0, #4]
   b49ec:	4611      	mov	r1, r2
   b49ee:	f7ff bc49 	b.w	b4284 <network_listening>

000b49f2 <_ZN5spark13EthernetClass16getListenTimeoutEv>:
        return network_get_listen_timeout(*this, 0, NULL);
   b49f2:	2200      	movs	r2, #0
   b49f4:	6840      	ldr	r0, [r0, #4]
   b49f6:	4611      	mov	r1, r2
   b49f8:	f7ff bc54 	b.w	b42a4 <network_get_listen_timeout>

000b49fc <_ZN5spark13EthernetClass16setListenTimeoutEt>:
        network_set_listen_timeout(*this, timeout, NULL);
   b49fc:	6840      	ldr	r0, [r0, #4]
   b49fe:	2200      	movs	r2, #0
   b4a00:	f7ff bc48 	b.w	b4294 <network_set_listen_timeout>

000b4a04 <_ZN5spark13EthernetClass6listenEb>:
        network_listen(*this, begin ? 0 : 1, NULL);
   b4a04:	6840      	ldr	r0, [r0, #4]
   b4a06:	2200      	movs	r2, #0
   b4a08:	f081 0101 	eor.w	r1, r1, #1
   b4a0c:	f7ff bc32 	b.w	b4274 <network_listen>

000b4a10 <_ZN5spark13EthernetClass3offEv>:
        network_off(*this, 0, 0, NULL);
   b4a10:	2300      	movs	r3, #0
   b4a12:	6840      	ldr	r0, [r0, #4]
   b4a14:	461a      	mov	r2, r3
   b4a16:	4619      	mov	r1, r3
   b4a18:	f7ff bc24 	b.w	b4264 <network_off>

000b4a1c <_ZN5spark13EthernetClass2onEv>:
        network_on(*this, 0, 0, NULL);
   b4a1c:	2300      	movs	r3, #0
   b4a1e:	6840      	ldr	r0, [r0, #4]
   b4a20:	461a      	mov	r2, r3
   b4a22:	4619      	mov	r1, r3
   b4a24:	f7ff bc16 	b.w	b4254 <network_on>

000b4a28 <_ZN5spark13EthernetClass5readyEv>:
    }

    bool ready() {
        return network_ready(*this, 0,  NULL);
   b4a28:	2200      	movs	r2, #0
   b4a2a:	6840      	ldr	r0, [r0, #4]
   b4a2c:	4611      	mov	r1, r2
   b4a2e:	f7ff bc09 	b.w	b4244 <network_ready>

000b4a32 <_ZN5spark13EthernetClass10connectingEv>:
        return network_connecting(*this, 0, NULL);
   b4a32:	2200      	movs	r2, #0
   b4a34:	6840      	ldr	r0, [r0, #4]
   b4a36:	4611      	mov	r1, r2
   b4a38:	f7ff bbf4 	b.w	b4224 <network_connecting>

000b4a3c <_ZN5spark13EthernetClass10disconnectEv>:
        network_disconnect(*this, NETWORK_DISCONNECT_REASON_USER, NULL);
   b4a3c:	6840      	ldr	r0, [r0, #4]
   b4a3e:	2200      	movs	r2, #0
   b4a40:	2102      	movs	r1, #2
   b4a42:	f7ff bbf7 	b.w	b4234 <network_disconnect>

000b4a46 <_ZN5spark13EthernetClass7connectEj>:
        network_connect(*this, flags, 0, NULL);
   b4a46:	2300      	movs	r3, #0
   b4a48:	6840      	ldr	r0, [r0, #4]
   b4a4a:	461a      	mov	r2, r3
   b4a4c:	f7ff bbe2 	b.w	b4214 <network_connect>

000b4a50 <_GLOBAL__sub_I__ZN5spark8EthernetE>:
   b4a50:	4b02      	ldr	r3, [pc, #8]	; (b4a5c <_GLOBAL__sub_I__ZN5spark8EthernetE+0xc>)
   b4a52:	2203      	movs	r2, #3
   b4a54:	605a      	str	r2, [r3, #4]
            NetworkClass(NETWORK_INTERFACE_ETHERNET) {
   b4a56:	4a02      	ldr	r2, [pc, #8]	; (b4a60 <_GLOBAL__sub_I__ZN5spark8EthernetE+0x10>)
   b4a58:	601a      	str	r2, [r3, #0]

namespace spark {

EthernetClass Ethernet;

} // spark
   b4a5a:	4770      	bx	lr
   b4a5c:	2003e738 	.word	0x2003e738
   b4a60:	000b4d80 	.word	0x000b4d80

000b4a64 <__tcf_0>:
}
#endif

USARTSerial& __fetch_global_Serial1()
{
    static USARTSerial serial1(HAL_USART_SERIAL1, acquireSerial1Buffer());
   b4a64:	4770      	bx	lr
	...

000b4a68 <_Z20acquireSerial1Bufferv>:
{
   b4a68:	b538      	push	{r3, r4, r5, lr}
   b4a6a:	4604      	mov	r4, r0
    hal_usart_buffer_config_t config = {
   b4a6c:	2514      	movs	r5, #20
   b4a6e:	462a      	mov	r2, r5
   b4a70:	2100      	movs	r1, #0
   b4a72:	f000 f84d 	bl	b4b10 <memset>
   b4a76:	8025      	strh	r5, [r4, #0]
   b4a78:	2540      	movs	r5, #64	; 0x40
        .rx_buffer = new (std::nothrow) uint8_t[bufferSize],
   b4a7a:	4907      	ldr	r1, [pc, #28]	; (b4a98 <_Z20acquireSerial1Bufferv+0x30>)
    hal_usart_buffer_config_t config = {
   b4a7c:	8125      	strh	r5, [r4, #8]
        .rx_buffer = new (std::nothrow) uint8_t[bufferSize],
   b4a7e:	4628      	mov	r0, r5
    hal_usart_buffer_config_t config = {
   b4a80:	8225      	strh	r5, [r4, #16]
        .rx_buffer = new (std::nothrow) uint8_t[bufferSize],
   b4a82:	f000 f82f 	bl	b4ae4 <_ZnajRKSt9nothrow_t>
        .tx_buffer = new (std::nothrow) uint8_t[bufferSize],
   b4a86:	4904      	ldr	r1, [pc, #16]	; (b4a98 <_Z20acquireSerial1Bufferv+0x30>)
    };
   b4a88:	6060      	str	r0, [r4, #4]
        .tx_buffer = new (std::nothrow) uint8_t[bufferSize],
   b4a8a:	4628      	mov	r0, r5
   b4a8c:	f000 f82a 	bl	b4ae4 <_ZnajRKSt9nothrow_t>
    };
   b4a90:	60e0      	str	r0, [r4, #12]
}
   b4a92:	4620      	mov	r0, r4
   b4a94:	bd38      	pop	{r3, r4, r5, pc}
   b4a96:	bf00      	nop
   b4a98:	000b4db4 	.word	0x000b4db4

000b4a9c <_Z22__fetch_global_Serial1v>:
{
   b4a9c:	b530      	push	{r4, r5, lr}
    static USARTSerial serial1(HAL_USART_SERIAL1, acquireSerial1Buffer());
   b4a9e:	4d0e      	ldr	r5, [pc, #56]	; (b4ad8 <_Z22__fetch_global_Serial1v+0x3c>)
   b4aa0:	7829      	ldrb	r1, [r5, #0]
   b4aa2:	f3bf 8f5b 	dmb	ish
   b4aa6:	f011 0401 	ands.w	r4, r1, #1
{
   b4aaa:	b087      	sub	sp, #28
    static USARTSerial serial1(HAL_USART_SERIAL1, acquireSerial1Buffer());
   b4aac:	d111      	bne.n	b4ad2 <_Z22__fetch_global_Serial1v+0x36>
   b4aae:	4628      	mov	r0, r5
   b4ab0:	f7ff faf3 	bl	b409a <__cxa_guard_acquire>
   b4ab4:	b168      	cbz	r0, b4ad2 <_Z22__fetch_global_Serial1v+0x36>
   b4ab6:	a801      	add	r0, sp, #4
   b4ab8:	f7ff ffd6 	bl	b4a68 <_Z20acquireSerial1Bufferv>
   b4abc:	aa01      	add	r2, sp, #4
   b4abe:	4621      	mov	r1, r4
   b4ac0:	4806      	ldr	r0, [pc, #24]	; (b4adc <_Z22__fetch_global_Serial1v+0x40>)
   b4ac2:	f7ff fd33 	bl	b452c <_ZN11USARTSerialC1E21hal_usart_interface_tRK25hal_usart_buffer_config_t>
   b4ac6:	4628      	mov	r0, r5
   b4ac8:	f7ff faec 	bl	b40a4 <__cxa_guard_release>
   b4acc:	4804      	ldr	r0, [pc, #16]	; (b4ae0 <_Z22__fetch_global_Serial1v+0x44>)
   b4ace:	f000 f80b 	bl	b4ae8 <atexit>
    return serial1;
}
   b4ad2:	4802      	ldr	r0, [pc, #8]	; (b4adc <_Z22__fetch_global_Serial1v+0x40>)
   b4ad4:	b007      	add	sp, #28
   b4ad6:	bd30      	pop	{r4, r5, pc}
   b4ad8:	2003e744 	.word	0x2003e744
   b4adc:	2003e748 	.word	0x2003e748
   b4ae0:	000b4a65 	.word	0x000b4a65

000b4ae4 <_ZnajRKSt9nothrow_t>:
   b4ae4:	f7ff bad5 	b.w	b4092 <_Znaj>

000b4ae8 <atexit>:
   b4ae8:	2300      	movs	r3, #0
   b4aea:	4601      	mov	r1, r0
   b4aec:	461a      	mov	r2, r3
   b4aee:	4618      	mov	r0, r3
   b4af0:	f000 b84c 	b.w	b4b8c <__register_exitproc>

000b4af4 <memcpy>:
   b4af4:	440a      	add	r2, r1
   b4af6:	4291      	cmp	r1, r2
   b4af8:	f100 33ff 	add.w	r3, r0, #4294967295	; 0xffffffff
   b4afc:	d100      	bne.n	b4b00 <memcpy+0xc>
   b4afe:	4770      	bx	lr
   b4b00:	b510      	push	{r4, lr}
   b4b02:	f811 4b01 	ldrb.w	r4, [r1], #1
   b4b06:	f803 4f01 	strb.w	r4, [r3, #1]!
   b4b0a:	4291      	cmp	r1, r2
   b4b0c:	d1f9      	bne.n	b4b02 <memcpy+0xe>
   b4b0e:	bd10      	pop	{r4, pc}

000b4b10 <memset>:
   b4b10:	4402      	add	r2, r0
   b4b12:	4603      	mov	r3, r0
   b4b14:	4293      	cmp	r3, r2
   b4b16:	d100      	bne.n	b4b1a <memset+0xa>
   b4b18:	4770      	bx	lr
   b4b1a:	f803 1b01 	strb.w	r1, [r3], #1
   b4b1e:	e7f9      	b.n	b4b14 <memset+0x4>

000b4b20 <srand>:
   b4b20:	b538      	push	{r3, r4, r5, lr}
   b4b22:	4b10      	ldr	r3, [pc, #64]	; (b4b64 <srand+0x44>)
   b4b24:	681d      	ldr	r5, [r3, #0]
   b4b26:	6bab      	ldr	r3, [r5, #56]	; 0x38
   b4b28:	4604      	mov	r4, r0
   b4b2a:	b9b3      	cbnz	r3, b4b5a <srand+0x3a>
   b4b2c:	2018      	movs	r0, #24
   b4b2e:	f7ff fbed 	bl	b430c <malloc>
   b4b32:	4602      	mov	r2, r0
   b4b34:	63a8      	str	r0, [r5, #56]	; 0x38
   b4b36:	b920      	cbnz	r0, b4b42 <srand+0x22>
   b4b38:	4b0b      	ldr	r3, [pc, #44]	; (b4b68 <srand+0x48>)
   b4b3a:	480c      	ldr	r0, [pc, #48]	; (b4b6c <srand+0x4c>)
   b4b3c:	2142      	movs	r1, #66	; 0x42
   b4b3e:	f7ff fbf5 	bl	b432c <__assert_func>
   b4b42:	490b      	ldr	r1, [pc, #44]	; (b4b70 <srand+0x50>)
   b4b44:	4b0b      	ldr	r3, [pc, #44]	; (b4b74 <srand+0x54>)
   b4b46:	e9c0 1300 	strd	r1, r3, [r0]
   b4b4a:	4b0b      	ldr	r3, [pc, #44]	; (b4b78 <srand+0x58>)
   b4b4c:	6083      	str	r3, [r0, #8]
   b4b4e:	230b      	movs	r3, #11
   b4b50:	8183      	strh	r3, [r0, #12]
   b4b52:	2100      	movs	r1, #0
   b4b54:	2001      	movs	r0, #1
   b4b56:	e9c2 0104 	strd	r0, r1, [r2, #16]
   b4b5a:	6bab      	ldr	r3, [r5, #56]	; 0x38
   b4b5c:	2200      	movs	r2, #0
   b4b5e:	611c      	str	r4, [r3, #16]
   b4b60:	615a      	str	r2, [r3, #20]
   b4b62:	bd38      	pop	{r3, r4, r5, pc}
   b4b64:	2003e64c 	.word	0x2003e64c
   b4b68:	000b4db5 	.word	0x000b4db5
   b4b6c:	000b4dcc 	.word	0x000b4dcc
   b4b70:	abcd330e 	.word	0xabcd330e
   b4b74:	e66d1234 	.word	0xe66d1234
   b4b78:	0005deec 	.word	0x0005deec

000b4b7c <strlen>:
   b4b7c:	4603      	mov	r3, r0
   b4b7e:	f813 2b01 	ldrb.w	r2, [r3], #1
   b4b82:	2a00      	cmp	r2, #0
   b4b84:	d1fb      	bne.n	b4b7e <strlen+0x2>
   b4b86:	1a18      	subs	r0, r3, r0
   b4b88:	3801      	subs	r0, #1
   b4b8a:	4770      	bx	lr

000b4b8c <__register_exitproc>:
   b4b8c:	e92d 43f8 	stmdb	sp!, {r3, r4, r5, r6, r7, r8, r9, lr}
   b4b90:	f8df 80b8 	ldr.w	r8, [pc, #184]	; b4c4c <__register_exitproc+0xc0>
   b4b94:	4606      	mov	r6, r0
   b4b96:	f8d8 0000 	ldr.w	r0, [r8]
   b4b9a:	461f      	mov	r7, r3
   b4b9c:	460d      	mov	r5, r1
   b4b9e:	4691      	mov	r9, r2
   b4ba0:	f000 f856 	bl	b4c50 <__retarget_lock_acquire_recursive>
   b4ba4:	4b25      	ldr	r3, [pc, #148]	; (b4c3c <__register_exitproc+0xb0>)
   b4ba6:	681c      	ldr	r4, [r3, #0]
   b4ba8:	b934      	cbnz	r4, b4bb8 <__register_exitproc+0x2c>
   b4baa:	4c25      	ldr	r4, [pc, #148]	; (b4c40 <__register_exitproc+0xb4>)
   b4bac:	601c      	str	r4, [r3, #0]
   b4bae:	4b25      	ldr	r3, [pc, #148]	; (b4c44 <__register_exitproc+0xb8>)
   b4bb0:	b113      	cbz	r3, b4bb8 <__register_exitproc+0x2c>
   b4bb2:	681b      	ldr	r3, [r3, #0]
   b4bb4:	f8c4 3088 	str.w	r3, [r4, #136]	; 0x88
   b4bb8:	6863      	ldr	r3, [r4, #4]
   b4bba:	2b1f      	cmp	r3, #31
   b4bbc:	dd07      	ble.n	b4bce <__register_exitproc+0x42>
   b4bbe:	f8d8 0000 	ldr.w	r0, [r8]
   b4bc2:	f000 f847 	bl	b4c54 <__retarget_lock_release_recursive>
   b4bc6:	f04f 30ff 	mov.w	r0, #4294967295	; 0xffffffff
   b4bca:	e8bd 83f8 	ldmia.w	sp!, {r3, r4, r5, r6, r7, r8, r9, pc}
   b4bce:	b34e      	cbz	r6, b4c24 <__register_exitproc+0x98>
   b4bd0:	f8d4 0088 	ldr.w	r0, [r4, #136]	; 0x88
   b4bd4:	b988      	cbnz	r0, b4bfa <__register_exitproc+0x6e>
   b4bd6:	4b1c      	ldr	r3, [pc, #112]	; (b4c48 <__register_exitproc+0xbc>)
   b4bd8:	b923      	cbnz	r3, b4be4 <__register_exitproc+0x58>
   b4bda:	f8d8 0000 	ldr.w	r0, [r8]
   b4bde:	f000 f838 	bl	b4c52 <__retarget_lock_release>
   b4be2:	e7f0      	b.n	b4bc6 <__register_exitproc+0x3a>
   b4be4:	f44f 7084 	mov.w	r0, #264	; 0x108
   b4be8:	f7ff fb90 	bl	b430c <malloc>
   b4bec:	2800      	cmp	r0, #0
   b4bee:	d0f4      	beq.n	b4bda <__register_exitproc+0x4e>
   b4bf0:	2300      	movs	r3, #0
   b4bf2:	e9c0 3340 	strd	r3, r3, [r0, #256]	; 0x100
   b4bf6:	f8c4 0088 	str.w	r0, [r4, #136]	; 0x88
   b4bfa:	6863      	ldr	r3, [r4, #4]
   b4bfc:	f840 9023 	str.w	r9, [r0, r3, lsl #2]
   b4c00:	2201      	movs	r2, #1
   b4c02:	409a      	lsls	r2, r3
   b4c04:	eb00 0183 	add.w	r1, r0, r3, lsl #2
   b4c08:	f8d0 3100 	ldr.w	r3, [r0, #256]	; 0x100
   b4c0c:	4313      	orrs	r3, r2
   b4c0e:	f8c0 3100 	str.w	r3, [r0, #256]	; 0x100
   b4c12:	2e02      	cmp	r6, #2
   b4c14:	f8c1 7080 	str.w	r7, [r1, #128]	; 0x80
   b4c18:	bf02      	ittt	eq
   b4c1a:	f8d0 3104 	ldreq.w	r3, [r0, #260]	; 0x104
   b4c1e:	4313      	orreq	r3, r2
   b4c20:	f8c0 3104 	streq.w	r3, [r0, #260]	; 0x104
   b4c24:	6863      	ldr	r3, [r4, #4]
   b4c26:	f8d8 0000 	ldr.w	r0, [r8]
   b4c2a:	1c5a      	adds	r2, r3, #1
   b4c2c:	3302      	adds	r3, #2
   b4c2e:	6062      	str	r2, [r4, #4]
   b4c30:	f844 5023 	str.w	r5, [r4, r3, lsl #2]
   b4c34:	f000 f80e 	bl	b4c54 <__retarget_lock_release_recursive>
   b4c38:	2000      	movs	r0, #0
   b4c3a:	e7c6      	b.n	b4bca <__register_exitproc+0x3e>
   b4c3c:	2003e7e8 	.word	0x2003e7e8
   b4c40:	2003e75c 	.word	0x2003e75c
   b4c44:	00000000 	.word	0x00000000
   b4c48:	000b430d 	.word	0x000b430d
   b4c4c:	2003e6b0 	.word	0x2003e6b0

000b4c50 <__retarget_lock_acquire_recursive>:
   b4c50:	4770      	bx	lr

000b4c52 <__retarget_lock_release>:
   b4c52:	4770      	bx	lr

000b4c54 <__retarget_lock_release_recursive>:
   b4c54:	4770      	bx	lr

000b4c56 <link_code_end>:
	...

000b4c58 <dynalib_user>:
   b4c58:	401d 000b 4059 000b 4081 000b 4085 000b     .@..Y@...@...@..
   b4c68:	0000 0000                                   ....

000b4c6c <_ZTVN5spark12NetworkClassE>:
	...
   b4c74:	434d 000b 4357 000b 4361 000b 436b 000b     MC..WC..aC..kC..
   b4c84:	4375 000b 4381 000b 438d 000b 4395 000b     uC...C...C...C..
   b4c94:	439d 000b 43a9 000b 43b1 000b 43bb 000b     .C...C...C...C..
   b4ca4:	43c5 000b                                   .C..

000b4ca8 <_ZTV11USARTSerial>:
	...
   b4cb0:	44b1 000b 451d 000b 44f5 000b 4945 000b     .D...E...D..EI..
   b4cc0:	44c5 000b 44e1 000b 44d3 000b 44ef 000b     .D...D...D...D..
   b4cd0:	44b3 000b 44b7 000b                         .D...D..

000b4cd8 <_ZTVN5spark13CellularClassE>:
	...
   b4ce0:	45b3 000b 45a9 000b 459f 000b 4555 000b     .E...E...E..UE..
   b4cf0:	4593 000b 4587 000b 438d 000b 4395 000b     .E...E...C...C..
   b4d00:	457b 000b 4573 000b 4569 000b 455f 000b     {E..sE..iE.._E..
   b4d10:	43c5 000b                                   .C..

000b4d14 <_ZTV9USBSerial>:
	...
   b4d1c:	45f3 000b 465b 000b 4631 000b 4945 000b     .E..[F..1F..EI..
   b4d2c:	4623 000b 45f5 000b 4605 000b 4655 000b     #F...E...F..UF..
   b4d3c:	4615 000b 45ed 000b                         .F...E..

000b4d44 <_ZTV9IPAddress>:
	...
   b4d4c:	46fd 000b 46ed 000b 46ef 000b 5925 252d     .F...F...F..%Y-%
   b4d5c:	2d6d 6425 2554 3a48 4d25 253a 2553 007a     m-%dT%H:%M:%S%z.
   b4d6c:	7361 7463 6d69 0065 7061 0070               asctime.app.

000b4d78 <_ZTVN5spark13EthernetClassE>:
	...
   b4d80:	4a47 000b 4a3d 000b 4a33 000b 4a29 000b     GJ..=J..3J..)J..
   b4d90:	4a1d 000b 4a11 000b 438d 000b 4395 000b     .J...J...C...C..
   b4da0:	4a05 000b 49fd 000b 49f3 000b 49e9 000b     .J...I...I...I..
   b4db0:	43c5 000b                                   .C..

000b4db4 <_ZSt7nothrow>:
   b4db4:	5200 4545 544e 6d20 6c61 6f6c 2063 7573     .REENT malloc su
   b4dc4:	6363 6565 6564 0064 6d2f 746e 772f 726f     cceeded./mnt/wor
   b4dd4:	736b 6170 6563 772f 726f 736b 6170 6563     kspace/workspace
   b4de4:	472f 4343 312d 2d30 6970 6570 696c 656e     /GCC-10-pipeline
   b4df4:	6a2f 6e65 696b 736e 472d 4343 312d 2d30     /jenkins-GCC-10-
   b4e04:	6970 6570 696c 656e 342d 5f38 3032 3032     pipeline-48_2020
   b4e14:	3131 3432 315f 3036 3136 3038 3436 2f31     1124_1606180641/
   b4e24:	7273 2f63 656e 6c77 6269 6e2f 7765 696c     src/newlib/newli
   b4e34:	2f62 696c 6362 732f 6474 696c 2f62 6172     b/libc/stdlib/ra
   b4e44:	646e 632e                                    nd.c.

000b4e49 <link_const_variable_data_end>:
   b4e49:	00          	.byte	0x00
	...

000b4e4c <link_constructors_location>:
   b4e4c:	000b449d 	.word	0x000b449d
   b4e50:	000b45bd 	.word	0x000b45bd
   b4e54:	000b4915 	.word	0x000b4915
   b4e58:	000b4921 	.word	0x000b4921
   b4e5c:	000b4935 	.word	0x000b4935
   b4e60:	000b49b5 	.word	0x000b49b5
   b4e64:	000b49c5 	.word	0x000b49c5
   b4e68:	000b4a51 	.word	0x000b4a51

000b4e6c <link_constructors_end>:
   b4e6c:	00000000 	.word	0x00000000
